CRITICAL - 2023-11-21 09:38:29 --> 22 : The requested URL returned error: 500
in SYSTEMPATH\HTTP\CURLRequest.php on line 693.
 1 SYSTEMPATH\HTTP\CURLRequest.php(693): CodeIgniter\HTTP\Exceptions\HTTPException::forCurlError('22', 'The requested URL returned error: 500')
 2 SYSTEMPATH\HTTP\CURLRequest.php(387): CodeIgniter\HTTP\CURLRequest->sendRequest([...])
 3 SYSTEMPATH\HTTP\CURLRequest.php(145): CodeIgniter\HTTP\CURLRequest->send('get', 'http://localhost/web-cms/public/articleapi/getarticlepinned')
 4 APPPATH\Controllers\Home.php(12): CodeIgniter\HTTP\CURLRequest->request('get', 'http://localhost/web-cms/public/articleapi/getarticlepinned', [...])
 5 SYSTEMPATH\CodeIgniter.php(942): App\Controllers\Home->index()
 6 SYSTEMPATH\CodeIgniter.php(502): CodeIgniter\CodeIgniter->runController(Object(App\Controllers\Home))
 7 SYSTEMPATH\CodeIgniter.php(361): CodeIgniter\CodeIgniter->handleRequest(null, Object(Config\Cache), false)
 8 FCPATH\index.php(79): CodeIgniter\CodeIgniter->run()
CRITICAL - 2023-11-21 09:44:11 --> Undefined variable $response_news_latest
in APPPATH\Views\home\latest_news.php on line 15.
 1 APPPATH\Views\home\latest_news.php(15): CodeIgniter\Debug\Exceptions->errorHandler(2, 'Undefined variable $response_news_latest', 'C:\\xampp\\htdocs\\web-news-1\\app\\Views\\home\\latest_news.php', 15)
 2 SYSTEMPATH\View\View.php(228): include('C:\\xampp\\htdocs\\web-news-1\\app\\Views\\home\\latest_news.php')
 3 SYSTEMPATH\View\View.php(231): CodeIgniter\View\View->CodeIgniter\View\{closure}()
 4 SYSTEMPATH\Common.php(1190): CodeIgniter\View\View->render('home/latest_news', [], true)
 5 APPPATH\Views\home\wrapper.php(7): view('home/latest_news')
 6 SYSTEMPATH\View\View.php(228): include('C:\\xampp\\htdocs\\web-news-1\\app\\Views\\home\\wrapper.php')
 7 SYSTEMPATH\View\View.php(231): CodeIgniter\View\View->CodeIgniter\View\{closure}()
 8 SYSTEMPATH\Common.php(1190): CodeIgniter\View\View->render('home/wrapper', [], true)
 9 APPPATH\Controllers\Home.php(42): view('home/wrapper', [...])
10 SYSTEMPATH\CodeIgniter.php(942): App\Controllers\Home->index()
11 SYSTEMPATH\CodeIgniter.php(502): CodeIgniter\CodeIgniter->runController(Object(App\Controllers\Home))
12 SYSTEMPATH\CodeIgniter.php(361): CodeIgniter\CodeIgniter->handleRequest(null, Object(Config\Cache), false)
13 FCPATH\index.php(79): CodeIgniter\CodeIgniter->run()
CRITICAL - 2023-11-21 09:44:27 --> Undefined variable $response_news_latest
in APPPATH\Views\home\latest_news.php on line 15.
 1 APPPATH\Views\home\latest_news.php(15): CodeIgniter\Debug\Exceptions->errorHandler(2, 'Undefined variable $response_news_latest', 'C:\\xampp\\htdocs\\web-news-1\\app\\Views\\home\\latest_news.php', 15)
 2 SYSTEMPATH\View\View.php(228): include('C:\\xampp\\htdocs\\web-news-1\\app\\Views\\home\\latest_news.php')
 3 SYSTEMPATH\View\View.php(231): CodeIgniter\View\View->CodeIgniter\View\{closure}()
 4 SYSTEMPATH\Common.php(1190): CodeIgniter\View\View->render('home/latest_news', [], true)
 5 APPPATH\Views\home\wrapper.php(7): view('home/latest_news')
 6 SYSTEMPATH\View\View.php(228): include('C:\\xampp\\htdocs\\web-news-1\\app\\Views\\home\\wrapper.php')
 7 SYSTEMPATH\View\View.php(231): CodeIgniter\View\View->CodeIgniter\View\{closure}()
 8 SYSTEMPATH\Common.php(1190): CodeIgniter\View\View->render('home/wrapper', [], true)
 9 APPPATH\Controllers\Home.php(42): view('home/wrapper', [...])
10 SYSTEMPATH\CodeIgniter.php(942): App\Controllers\Home->index()
11 SYSTEMPATH\CodeIgniter.php(502): CodeIgniter\CodeIgniter->runController(Object(App\Controllers\Home))
12 SYSTEMPATH\CodeIgniter.php(361): CodeIgniter\CodeIgniter->handleRequest(null, Object(Config\Cache), false)
13 FCPATH\index.php(79): CodeIgniter\CodeIgniter->run()
CRITICAL - 2023-11-21 09:45:02 --> Undefined variable $response_news_latest
in APPPATH\Views\home\latest_news.php on line 15.
 1 APPPATH\Views\home\latest_news.php(15): CodeIgniter\Debug\Exceptions->errorHandler(2, 'Undefined variable $response_news_latest', 'C:\\xampp\\htdocs\\web-news-1\\app\\Views\\home\\latest_news.php', 15)
 2 SYSTEMPATH\View\View.php(228): include('C:\\xampp\\htdocs\\web-news-1\\app\\Views\\home\\latest_news.php')
 3 SYSTEMPATH\View\View.php(231): CodeIgniter\View\View->CodeIgniter\View\{closure}()
 4 SYSTEMPATH\Common.php(1190): CodeIgniter\View\View->render('home/latest_news', [], true)
 5 APPPATH\Views\home\wrapper.php(7): view('home/latest_news')
 6 SYSTEMPATH\View\View.php(228): include('C:\\xampp\\htdocs\\web-news-1\\app\\Views\\home\\wrapper.php')
 7 SYSTEMPATH\View\View.php(231): CodeIgniter\View\View->CodeIgniter\View\{closure}()
 8 SYSTEMPATH\Common.php(1190): CodeIgniter\View\View->render('home/wrapper', [], true)
 9 APPPATH\Controllers\Home.php(42): view('home/wrapper', [...])
10 SYSTEMPATH\CodeIgniter.php(942): App\Controllers\Home->index()
11 SYSTEMPATH\CodeIgniter.php(502): CodeIgniter\CodeIgniter->runController(Object(App\Controllers\Home))
12 SYSTEMPATH\CodeIgniter.php(361): CodeIgniter\CodeIgniter->handleRequest(null, Object(Config\Cache), false)
13 FCPATH\index.php(79): CodeIgniter\CodeIgniter->run()
CRITICAL - 2023-11-21 09:45:25 --> Undefined variable $response_news_latest
in APPPATH\Views\home\latest_news.php on line 15.
 1 APPPATH\Views\home\latest_news.php(15): CodeIgniter\Debug\Exceptions->errorHandler(2, 'Undefined variable $response_news_latest', 'C:\\xampp\\htdocs\\web-news-1\\app\\Views\\home\\latest_news.php', 15)
 2 SYSTEMPATH\View\View.php(228): include('C:\\xampp\\htdocs\\web-news-1\\app\\Views\\home\\latest_news.php')
 3 SYSTEMPATH\View\View.php(231): CodeIgniter\View\View->CodeIgniter\View\{closure}()
 4 SYSTEMPATH\Common.php(1190): CodeIgniter\View\View->render('home/latest_news', [], true)
 5 APPPATH\Views\home\wrapper.php(7): view('home/latest_news')
 6 SYSTEMPATH\View\View.php(228): include('C:\\xampp\\htdocs\\web-news-1\\app\\Views\\home\\wrapper.php')
 7 SYSTEMPATH\View\View.php(231): CodeIgniter\View\View->CodeIgniter\View\{closure}()
 8 SYSTEMPATH\Common.php(1190): CodeIgniter\View\View->render('home/wrapper', [], true)
 9 APPPATH\Controllers\Home.php(42): view('home/wrapper', [...])
10 SYSTEMPATH\CodeIgniter.php(942): App\Controllers\Home->index()
11 SYSTEMPATH\CodeIgniter.php(502): CodeIgniter\CodeIgniter->runController(Object(App\Controllers\Home))
12 SYSTEMPATH\CodeIgniter.php(361): CodeIgniter\CodeIgniter->handleRequest(null, Object(Config\Cache), false)
13 FCPATH\index.php(79): CodeIgniter\CodeIgniter->run()
CRITICAL - 2023-11-21 09:45:25 --> Undefined variable $response_news_latest
in APPPATH\Views\home\latest_news.php on line 15.
 1 APPPATH\Views\home\latest_news.php(15): CodeIgniter\Debug\Exceptions->errorHandler(2, 'Undefined variable $response_news_latest', 'C:\\xampp\\htdocs\\web-news-1\\app\\Views\\home\\latest_news.php', 15)
 2 SYSTEMPATH\View\View.php(228): include('C:\\xampp\\htdocs\\web-news-1\\app\\Views\\home\\latest_news.php')
 3 SYSTEMPATH\View\View.php(231): CodeIgniter\View\View->CodeIgniter\View\{closure}()
 4 SYSTEMPATH\Common.php(1190): CodeIgniter\View\View->render('home/latest_news', [], true)
 5 APPPATH\Views\home\wrapper.php(7): view('home/latest_news')
 6 SYSTEMPATH\View\View.php(228): include('C:\\xampp\\htdocs\\web-news-1\\app\\Views\\home\\wrapper.php')
 7 SYSTEMPATH\View\View.php(231): CodeIgniter\View\View->CodeIgniter\View\{closure}()
 8 SYSTEMPATH\Common.php(1190): CodeIgniter\View\View->render('home/wrapper', [], true)
 9 APPPATH\Controllers\Home.php(42): view('home/wrapper', [...])
10 SYSTEMPATH\CodeIgniter.php(942): App\Controllers\Home->index()
11 SYSTEMPATH\CodeIgniter.php(502): CodeIgniter\CodeIgniter->runController(Object(App\Controllers\Home))
12 SYSTEMPATH\CodeIgniter.php(361): CodeIgniter\CodeIgniter->handleRequest(null, Object(Config\Cache), false)
13 FCPATH\index.php(79): CodeIgniter\CodeIgniter->run()
CRITICAL - 2023-11-21 09:45:47 --> Undefined variable $response_news_pin
in APPPATH\Views\home\recomendation_news.php on line 15.
 1 APPPATH\Views\home\recomendation_news.php(15): CodeIgniter\Debug\Exceptions->errorHandler(2, 'Undefined variable $response_news_pin', 'C:\\xampp\\htdocs\\web-news-1\\app\\Views\\home\\recomendation_news.php', 15)
 2 SYSTEMPATH\View\View.php(228): include('C:\\xampp\\htdocs\\web-news-1\\app\\Views\\home\\recomendation_news.php')
 3 SYSTEMPATH\View\View.php(231): CodeIgniter\View\View->CodeIgniter\View\{closure}()
 4 SYSTEMPATH\Common.php(1190): CodeIgniter\View\View->render('home/recomendation_news', [], true)
 5 APPPATH\Views\home\wrapper.php(6): view('home/recomendation_news')
 6 SYSTEMPATH\View\View.php(228): include('C:\\xampp\\htdocs\\web-news-1\\app\\Views\\home\\wrapper.php')
 7 SYSTEMPATH\View\View.php(231): CodeIgniter\View\View->CodeIgniter\View\{closure}()
 8 SYSTEMPATH\Common.php(1190): CodeIgniter\View\View->render('home/wrapper', [], true)
 9 APPPATH\Controllers\Home.php(42): view('home/wrapper', [...])
10 SYSTEMPATH\CodeIgniter.php(942): App\Controllers\Home->index()
11 SYSTEMPATH\CodeIgniter.php(502): CodeIgniter\CodeIgniter->runController(Object(App\Controllers\Home))
12 SYSTEMPATH\CodeIgniter.php(361): CodeIgniter\CodeIgniter->handleRequest(null, Object(Config\Cache), false)
13 FCPATH\index.php(79): CodeIgniter\CodeIgniter->run()
CRITICAL - 2023-11-21 09:46:13 --> Undefined variable $response_news_pin
in APPPATH\Views\home\recomendation_news.php on line 15.
 1 APPPATH\Views\home\recomendation_news.php(15): CodeIgniter\Debug\Exceptions->errorHandler(2, 'Undefined variable $response_news_pin', 'C:\\xampp\\htdocs\\web-news-1\\app\\Views\\home\\recomendation_news.php', 15)
 2 SYSTEMPATH\View\View.php(228): include('C:\\xampp\\htdocs\\web-news-1\\app\\Views\\home\\recomendation_news.php')
 3 SYSTEMPATH\View\View.php(231): CodeIgniter\View\View->CodeIgniter\View\{closure}()
 4 SYSTEMPATH\Common.php(1190): CodeIgniter\View\View->render('home/recomendation_news', [], true)
 5 APPPATH\Views\home\wrapper.php(6): view('home/recomendation_news')
 6 SYSTEMPATH\View\View.php(228): include('C:\\xampp\\htdocs\\web-news-1\\app\\Views\\home\\wrapper.php')
 7 SYSTEMPATH\View\View.php(231): CodeIgniter\View\View->CodeIgniter\View\{closure}()
 8 SYSTEMPATH\Common.php(1190): CodeIgniter\View\View->render('home/wrapper', [], true)
 9 APPPATH\Controllers\Home.php(42): view('home/wrapper', [...])
10 SYSTEMPATH\CodeIgniter.php(942): App\Controllers\Home->index()
11 SYSTEMPATH\CodeIgniter.php(502): CodeIgniter\CodeIgniter->runController(Object(App\Controllers\Home))
12 SYSTEMPATH\CodeIgniter.php(361): CodeIgniter\CodeIgniter->handleRequest(null, Object(Config\Cache), false)
13 FCPATH\index.php(79): CodeIgniter\CodeIgniter->run()
CRITICAL - 2023-11-21 09:46:13 --> Undefined variable $response_news_pin
in APPPATH\Views\home\recomendation_news.php on line 15.
 1 APPPATH\Views\home\recomendation_news.php(15): CodeIgniter\Debug\Exceptions->errorHandler(2, 'Undefined variable $response_news_pin', 'C:\\xampp\\htdocs\\web-news-1\\app\\Views\\home\\recomendation_news.php', 15)
 2 SYSTEMPATH\View\View.php(228): include('C:\\xampp\\htdocs\\web-news-1\\app\\Views\\home\\recomendation_news.php')
 3 SYSTEMPATH\View\View.php(231): CodeIgniter\View\View->CodeIgniter\View\{closure}()
 4 SYSTEMPATH\Common.php(1190): CodeIgniter\View\View->render('home/recomendation_news', [], true)
 5 APPPATH\Views\home\wrapper.php(6): view('home/recomendation_news')
 6 SYSTEMPATH\View\View.php(228): include('C:\\xampp\\htdocs\\web-news-1\\app\\Views\\home\\wrapper.php')
 7 SYSTEMPATH\View\View.php(231): CodeIgniter\View\View->CodeIgniter\View\{closure}()
 8 SYSTEMPATH\Common.php(1190): CodeIgniter\View\View->render('home/wrapper', [], true)
 9 APPPATH\Controllers\Home.php(42): view('home/wrapper', [...])
10 SYSTEMPATH\CodeIgniter.php(942): App\Controllers\Home->index()
11 SYSTEMPATH\CodeIgniter.php(502): CodeIgniter\CodeIgniter->runController(Object(App\Controllers\Home))
12 SYSTEMPATH\CodeIgniter.php(361): CodeIgniter\CodeIgniter->handleRequest(null, Object(Config\Cache), false)
13 FCPATH\index.php(79): CodeIgniter\CodeIgniter->run()
CRITICAL - 2023-11-21 09:46:14 --> Undefined variable $response_news_pin
in APPPATH\Views\home\recomendation_news.php on line 15.
 1 APPPATH\Views\home\recomendation_news.php(15): CodeIgniter\Debug\Exceptions->errorHandler(2, 'Undefined variable $response_news_pin', 'C:\\xampp\\htdocs\\web-news-1\\app\\Views\\home\\recomendation_news.php', 15)
 2 SYSTEMPATH\View\View.php(228): include('C:\\xampp\\htdocs\\web-news-1\\app\\Views\\home\\recomendation_news.php')
 3 SYSTEMPATH\View\View.php(231): CodeIgniter\View\View->CodeIgniter\View\{closure}()
 4 SYSTEMPATH\Common.php(1190): CodeIgniter\View\View->render('home/recomendation_news', [], true)
 5 APPPATH\Views\home\wrapper.php(6): view('home/recomendation_news')
 6 SYSTEMPATH\View\View.php(228): include('C:\\xampp\\htdocs\\web-news-1\\app\\Views\\home\\wrapper.php')
 7 SYSTEMPATH\View\View.php(231): CodeIgniter\View\View->CodeIgniter\View\{closure}()
 8 SYSTEMPATH\Common.php(1190): CodeIgniter\View\View->render('home/wrapper', [], true)
 9 APPPATH\Controllers\Home.php(42): view('home/wrapper', [...])
10 SYSTEMPATH\CodeIgniter.php(942): App\Controllers\Home->index()
11 SYSTEMPATH\CodeIgniter.php(502): CodeIgniter\CodeIgniter->runController(Object(App\Controllers\Home))
12 SYSTEMPATH\CodeIgniter.php(361): CodeIgniter\CodeIgniter->handleRequest(null, Object(Config\Cache), false)
13 FCPATH\index.php(79): CodeIgniter\CodeIgniter->run()
CRITICAL - 2023-11-21 09:46:14 --> Undefined variable $response_news_pin
in APPPATH\Views\home\recomendation_news.php on line 15.
 1 APPPATH\Views\home\recomendation_news.php(15): CodeIgniter\Debug\Exceptions->errorHandler(2, 'Undefined variable $response_news_pin', 'C:\\xampp\\htdocs\\web-news-1\\app\\Views\\home\\recomendation_news.php', 15)
 2 SYSTEMPATH\View\View.php(228): include('C:\\xampp\\htdocs\\web-news-1\\app\\Views\\home\\recomendation_news.php')
 3 SYSTEMPATH\View\View.php(231): CodeIgniter\View\View->CodeIgniter\View\{closure}()
 4 SYSTEMPATH\Common.php(1190): CodeIgniter\View\View->render('home/recomendation_news', [], true)
 5 APPPATH\Views\home\wrapper.php(6): view('home/recomendation_news')
 6 SYSTEMPATH\View\View.php(228): include('C:\\xampp\\htdocs\\web-news-1\\app\\Views\\home\\wrapper.php')
 7 SYSTEMPATH\View\View.php(231): CodeIgniter\View\View->CodeIgniter\View\{closure}()
 8 SYSTEMPATH\Common.php(1190): CodeIgniter\View\View->render('home/wrapper', [], true)
 9 APPPATH\Controllers\Home.php(42): view('home/wrapper', [...])
10 SYSTEMPATH\CodeIgniter.php(942): App\Controllers\Home->index()
11 SYSTEMPATH\CodeIgniter.php(502): CodeIgniter\CodeIgniter->runController(Object(App\Controllers\Home))
12 SYSTEMPATH\CodeIgniter.php(361): CodeIgniter\CodeIgniter->handleRequest(null, Object(Config\Cache), false)
13 FCPATH\index.php(79): CodeIgniter\CodeIgniter->run()
CRITICAL - 2023-11-21 09:46:14 --> Undefined variable $response_news_pin
in APPPATH\Views\home\recomendation_news.php on line 15.
 1 APPPATH\Views\home\recomendation_news.php(15): CodeIgniter\Debug\Exceptions->errorHandler(2, 'Undefined variable $response_news_pin', 'C:\\xampp\\htdocs\\web-news-1\\app\\Views\\home\\recomendation_news.php', 15)
 2 SYSTEMPATH\View\View.php(228): include('C:\\xampp\\htdocs\\web-news-1\\app\\Views\\home\\recomendation_news.php')
 3 SYSTEMPATH\View\View.php(231): CodeIgniter\View\View->CodeIgniter\View\{closure}()
 4 SYSTEMPATH\Common.php(1190): CodeIgniter\View\View->render('home/recomendation_news', [], true)
 5 APPPATH\Views\home\wrapper.php(6): view('home/recomendation_news')
 6 SYSTEMPATH\View\View.php(228): include('C:\\xampp\\htdocs\\web-news-1\\app\\Views\\home\\wrapper.php')
 7 SYSTEMPATH\View\View.php(231): CodeIgniter\View\View->CodeIgniter\View\{closure}()
 8 SYSTEMPATH\Common.php(1190): CodeIgniter\View\View->render('home/wrapper', [], true)
 9 APPPATH\Controllers\Home.php(42): view('home/wrapper', [...])
10 SYSTEMPATH\CodeIgniter.php(942): App\Controllers\Home->index()
11 SYSTEMPATH\CodeIgniter.php(502): CodeIgniter\CodeIgniter->runController(Object(App\Controllers\Home))
12 SYSTEMPATH\CodeIgniter.php(361): CodeIgniter\CodeIgniter->handleRequest(null, Object(Config\Cache), false)
13 FCPATH\index.php(79): CodeIgniter\CodeIgniter->run()
CRITICAL - 2023-11-21 09:46:14 --> Undefined variable $response_news_pin
in APPPATH\Views\home\recomendation_news.php on line 15.
 1 APPPATH\Views\home\recomendation_news.php(15): CodeIgniter\Debug\Exceptions->errorHandler(2, 'Undefined variable $response_news_pin', 'C:\\xampp\\htdocs\\web-news-1\\app\\Views\\home\\recomendation_news.php', 15)
 2 SYSTEMPATH\View\View.php(228): include('C:\\xampp\\htdocs\\web-news-1\\app\\Views\\home\\recomendation_news.php')
 3 SYSTEMPATH\View\View.php(231): CodeIgniter\View\View->CodeIgniter\View\{closure}()
 4 SYSTEMPATH\Common.php(1190): CodeIgniter\View\View->render('home/recomendation_news', [], true)
 5 APPPATH\Views\home\wrapper.php(6): view('home/recomendation_news')
 6 SYSTEMPATH\View\View.php(228): include('C:\\xampp\\htdocs\\web-news-1\\app\\Views\\home\\wrapper.php')
 7 SYSTEMPATH\View\View.php(231): CodeIgniter\View\View->CodeIgniter\View\{closure}()
 8 SYSTEMPATH\Common.php(1190): CodeIgniter\View\View->render('home/wrapper', [], true)
 9 APPPATH\Controllers\Home.php(42): view('home/wrapper', [...])
10 SYSTEMPATH\CodeIgniter.php(942): App\Controllers\Home->index()
11 SYSTEMPATH\CodeIgniter.php(502): CodeIgniter\CodeIgniter->runController(Object(App\Controllers\Home))
12 SYSTEMPATH\CodeIgniter.php(361): CodeIgniter\CodeIgniter->handleRequest(null, Object(Config\Cache), false)
13 FCPATH\index.php(79): CodeIgniter\CodeIgniter->run()
CRITICAL - 2023-11-21 09:53:41 --> Undefined variable $response_news_pin
in APPPATH\Views\home\recomendation_news.php on line 15.
 1 APPPATH\Views\home\recomendation_news.php(15): CodeIgniter\Debug\Exceptions->errorHandler(2, 'Undefined variable $response_news_pin', 'C:\\xampp\\htdocs\\web-news-1\\app\\Views\\home\\recomendation_news.php', 15)
 2 SYSTEMPATH\View\View.php(228): include('C:\\xampp\\htdocs\\web-news-1\\app\\Views\\home\\recomendation_news.php')
 3 SYSTEMPATH\View\View.php(231): CodeIgniter\View\View->CodeIgniter\View\{closure}()
 4 SYSTEMPATH\Common.php(1190): CodeIgniter\View\View->render('home/recomendation_news', [], true)
 5 APPPATH\Views\home\wrapper.php(6): view('home/recomendation_news')
 6 SYSTEMPATH\View\View.php(228): include('C:\\xampp\\htdocs\\web-news-1\\app\\Views\\home\\wrapper.php')
 7 SYSTEMPATH\View\View.php(231): CodeIgniter\View\View->CodeIgniter\View\{closure}()
 8 SYSTEMPATH\Common.php(1190): CodeIgniter\View\View->render('home/wrapper', [], true)
 9 APPPATH\Controllers\Home.php(42): view('home/wrapper', [...])
10 SYSTEMPATH\CodeIgniter.php(942): App\Controllers\Home->index()
11 SYSTEMPATH\CodeIgniter.php(502): CodeIgniter\CodeIgniter->runController(Object(App\Controllers\Home))
12 SYSTEMPATH\CodeIgniter.php(361): CodeIgniter\CodeIgniter->handleRequest(null, Object(Config\Cache), false)
13 FCPATH\index.php(79): CodeIgniter\CodeIgniter->run()
CRITICAL - 2023-11-21 09:53:42 --> Undefined variable $response_news_pin
in APPPATH\Views\home\recomendation_news.php on line 15.
 1 APPPATH\Views\home\recomendation_news.php(15): CodeIgniter\Debug\Exceptions->errorHandler(2, 'Undefined variable $response_news_pin', 'C:\\xampp\\htdocs\\web-news-1\\app\\Views\\home\\recomendation_news.php', 15)
 2 SYSTEMPATH\View\View.php(228): include('C:\\xampp\\htdocs\\web-news-1\\app\\Views\\home\\recomendation_news.php')
 3 SYSTEMPATH\View\View.php(231): CodeIgniter\View\View->CodeIgniter\View\{closure}()
 4 SYSTEMPATH\Common.php(1190): CodeIgniter\View\View->render('home/recomendation_news', [], true)
 5 APPPATH\Views\home\wrapper.php(6): view('home/recomendation_news')
 6 SYSTEMPATH\View\View.php(228): include('C:\\xampp\\htdocs\\web-news-1\\app\\Views\\home\\wrapper.php')
 7 SYSTEMPATH\View\View.php(231): CodeIgniter\View\View->CodeIgniter\View\{closure}()
 8 SYSTEMPATH\Common.php(1190): CodeIgniter\View\View->render('home/wrapper', [], true)
 9 APPPATH\Controllers\Home.php(42): view('home/wrapper', [...])
10 SYSTEMPATH\CodeIgniter.php(942): App\Controllers\Home->index()
11 SYSTEMPATH\CodeIgniter.php(502): CodeIgniter\CodeIgniter->runController(Object(App\Controllers\Home))
12 SYSTEMPATH\CodeIgniter.php(361): CodeIgniter\CodeIgniter->handleRequest(null, Object(Config\Cache), false)
13 FCPATH\index.php(79): CodeIgniter\CodeIgniter->run()
CRITICAL - 2023-11-21 09:54:01 --> Undefined variable $response_news_pin
in APPPATH\Views\home\recomendation_news.php on line 15.
 1 APPPATH\Views\home\recomendation_news.php(15): CodeIgniter\Debug\Exceptions->errorHandler(2, 'Undefined variable $response_news_pin', 'C:\\xampp\\htdocs\\web-news-1\\app\\Views\\home\\recomendation_news.php', 15)
 2 SYSTEMPATH\View\View.php(228): include('C:\\xampp\\htdocs\\web-news-1\\app\\Views\\home\\recomendation_news.php')
 3 SYSTEMPATH\View\View.php(231): CodeIgniter\View\View->CodeIgniter\View\{closure}()
 4 SYSTEMPATH\Common.php(1190): CodeIgniter\View\View->render('home/recomendation_news', [], true)
 5 APPPATH\Views\home\wrapper.php(6): view('home/recomendation_news')
 6 SYSTEMPATH\View\View.php(228): include('C:\\xampp\\htdocs\\web-news-1\\app\\Views\\home\\wrapper.php')
 7 SYSTEMPATH\View\View.php(231): CodeIgniter\View\View->CodeIgniter\View\{closure}()
 8 SYSTEMPATH\Common.php(1190): CodeIgniter\View\View->render('home/wrapper', [], true)
 9 APPPATH\Controllers\Home.php(42): view('home/wrapper', [...])
10 SYSTEMPATH\CodeIgniter.php(942): App\Controllers\Home->index()
11 SYSTEMPATH\CodeIgniter.php(502): CodeIgniter\CodeIgniter->runController(Object(App\Controllers\Home))
12 SYSTEMPATH\CodeIgniter.php(361): CodeIgniter\CodeIgniter->handleRequest(null, Object(Config\Cache), false)
13 FCPATH\index.php(79): CodeIgniter\CodeIgniter->run()
CRITICAL - 2023-11-21 09:54:23 --> Undefined variable $response_news_pin
in APPPATH\Views\home\recomendation_news.php on line 15.
 1 APPPATH\Views\home\recomendation_news.php(15): CodeIgniter\Debug\Exceptions->errorHandler(2, 'Undefined variable $response_news_pin', 'C:\\xampp\\htdocs\\web-news-1\\app\\Views\\home\\recomendation_news.php', 15)
 2 SYSTEMPATH\View\View.php(228): include('C:\\xampp\\htdocs\\web-news-1\\app\\Views\\home\\recomendation_news.php')
 3 SYSTEMPATH\View\View.php(231): CodeIgniter\View\View->CodeIgniter\View\{closure}()
 4 SYSTEMPATH\Common.php(1190): CodeIgniter\View\View->render('home/recomendation_news', [], true)
 5 APPPATH\Views\home\wrapper.php(6): view('home/recomendation_news')
 6 SYSTEMPATH\View\View.php(228): include('C:\\xampp\\htdocs\\web-news-1\\app\\Views\\home\\wrapper.php')
 7 SYSTEMPATH\View\View.php(231): CodeIgniter\View\View->CodeIgniter\View\{closure}()
 8 SYSTEMPATH\Common.php(1190): CodeIgniter\View\View->render('home/wrapper', [], true)
 9 APPPATH\Controllers\Home.php(42): view('home/wrapper', [...])
10 SYSTEMPATH\CodeIgniter.php(942): App\Controllers\Home->index()
11 SYSTEMPATH\CodeIgniter.php(502): CodeIgniter\CodeIgniter->runController(Object(App\Controllers\Home))
12 SYSTEMPATH\CodeIgniter.php(361): CodeIgniter\CodeIgniter->handleRequest(null, Object(Config\Cache), false)
13 FCPATH\index.php(79): CodeIgniter\CodeIgniter->run()
CRITICAL - 2023-11-21 11:29:40 --> Undefined array key "title"
in APPPATH\Controllers\ArticleDetail.php on line 19.
 1 APPPATH\Controllers\ArticleDetail.php(19): CodeIgniter\Debug\Exceptions->errorHandler(2, 'Undefined array key "title"', 'C:\\xampp\\htdocs\\web-news-1\\app\\Controllers\\ArticleDetail.php', 19)
 2 SYSTEMPATH\CodeIgniter.php(942): App\Controllers\ArticleDetail->index('1')
 3 SYSTEMPATH\CodeIgniter.php(502): CodeIgniter\CodeIgniter->runController(Object(App\Controllers\ArticleDetail))
 4 SYSTEMPATH\CodeIgniter.php(361): CodeIgniter\CodeIgniter->handleRequest(null, Object(Config\Cache), false)
 5 FCPATH\index.php(79): CodeIgniter\CodeIgniter->run()
CRITICAL - 2023-11-21 11:32:21 --> Invalid file: "detail/header.php"
in SYSTEMPATH\Exceptions\FrameworkException.php on line 39.
 1 SYSTEMPATH\View\View.php(216): CodeIgniter\Exceptions\FrameworkException::forInvalidFile('detail/header.php')
 2 SYSTEMPATH\Common.php(1190): CodeIgniter\View\View->render('detail/header', [], true)
 3 APPPATH\Views\articleDetail\wrapper.php(3): view('detail/header')
 4 SYSTEMPATH\View\View.php(228): include('C:\\xampp\\htdocs\\web-news-1\\app\\Views\\articleDetail\\wrapper.php')
 5 SYSTEMPATH\View\View.php(231): CodeIgniter\View\View->CodeIgniter\View\{closure}()
 6 SYSTEMPATH\Common.php(1190): CodeIgniter\View\View->render('articleDetail/wrapper', [], true)
 7 APPPATH\Controllers\ArticleDetail.php(23): view('articleDetail/wrapper', [...])
 8 SYSTEMPATH\CodeIgniter.php(942): App\Controllers\ArticleDetail->index('1')
 9 SYSTEMPATH\CodeIgniter.php(502): CodeIgniter\CodeIgniter->runController(Object(App\Controllers\ArticleDetail))
10 SYSTEMPATH\CodeIgniter.php(361): CodeIgniter\CodeIgniter->handleRequest(null, Object(Config\Cache), false)
11 FCPATH\index.php(79): CodeIgniter\CodeIgniter->run()
CRITICAL - 2023-11-21 11:34:31 --> Undefined variable $response_news_pin
in APPPATH\Views\home\recomendation_news.php on line 15.
 1 APPPATH\Views\home\recomendation_news.php(15): CodeIgniter\Debug\Exceptions->errorHandler(2, 'Undefined variable $response_news_pin', 'C:\\xampp\\htdocs\\web-news-1\\app\\Views\\home\\recomendation_news.php', 15)
 2 SYSTEMPATH\View\View.php(228): include('C:\\xampp\\htdocs\\web-news-1\\app\\Views\\home\\recomendation_news.php')
 3 SYSTEMPATH\View\View.php(231): CodeIgniter\View\View->CodeIgniter\View\{closure}()
 4 SYSTEMPATH\Common.php(1190): CodeIgniter\View\View->render('home/recomendation_news', [], true)
 5 APPPATH\Views\home\wrapper.php(6): view('home/recomendation_news')
 6 SYSTEMPATH\View\View.php(228): include('C:\\xampp\\htdocs\\web-news-1\\app\\Views\\home\\wrapper.php')
 7 SYSTEMPATH\View\View.php(231): CodeIgniter\View\View->CodeIgniter\View\{closure}()
 8 SYSTEMPATH\Common.php(1190): CodeIgniter\View\View->render('home/wrapper', [], true)
 9 APPPATH\Controllers\Home.php(60): view('home/wrapper', [...])
10 SYSTEMPATH\CodeIgniter.php(942): App\Controllers\Home->search()
11 SYSTEMPATH\CodeIgniter.php(502): CodeIgniter\CodeIgniter->runController(Object(App\Controllers\Home))
12 SYSTEMPATH\CodeIgniter.php(361): CodeIgniter\CodeIgniter->handleRequest(null, Object(Config\Cache), false)
13 FCPATH\index.php(79): CodeIgniter\CodeIgniter->run()
CRITICAL - 2023-11-21 12:08:03 --> Undefined variable $response_news_pin
in APPPATH\Views\articleDetail\related_news.php on line 14.
 1 APPPATH\Views\articleDetail\related_news.php(14): CodeIgniter\Debug\Exceptions->errorHandler(2, 'Undefined variable $response_news_pin', 'C:\\xampp\\htdocs\\web-news-1\\app\\Views\\articleDetail\\related_news.php', 14)
 2 SYSTEMPATH\View\View.php(228): include('C:\\xampp\\htdocs\\web-news-1\\app\\Views\\articleDetail\\related_news.php')
 3 SYSTEMPATH\View\View.php(231): CodeIgniter\View\View->CodeIgniter\View\{closure}()
 4 SYSTEMPATH\Common.php(1190): CodeIgniter\View\View->render('articleDetail/related_news', [], true)
 5 APPPATH\Views\articleDetail\wrapper.php(6): view('articleDetail/related_news')
 6 SYSTEMPATH\View\View.php(228): include('C:\\xampp\\htdocs\\web-news-1\\app\\Views\\articleDetail\\wrapper.php')
 7 SYSTEMPATH\View\View.php(231): CodeIgniter\View\View->CodeIgniter\View\{closure}()
 8 SYSTEMPATH\Common.php(1190): CodeIgniter\View\View->render('articleDetail/wrapper', [], true)
 9 APPPATH\Controllers\ArticleDetail.php(33): view('articleDetail/wrapper', [...])
10 SYSTEMPATH\CodeIgniter.php(942): App\Controllers\ArticleDetail->index('1')
11 SYSTEMPATH\CodeIgniter.php(502): CodeIgniter\CodeIgniter->runController(Object(App\Controllers\ArticleDetail))
12 SYSTEMPATH\CodeIgniter.php(361): CodeIgniter\CodeIgniter->handleRequest(null, Object(Config\Cache), false)
13 FCPATH\index.php(79): CodeIgniter\CodeIgniter->run()
CRITICAL - 2023-11-21 12:11:32 --> date(): Argument #2 ($timestamp) must be of type ?int, string given
in APPPATH\Views\articleDetail\related_news.php on line 24.
 1 APPPATH\Views\articleDetail\related_news.php(24): date('D/M/Y H:i:s', '2023-11-14 09:14:37')
 2 SYSTEMPATH\View\View.php(228): include('C:\\xampp\\htdocs\\web-news-1\\app\\Views\\articleDetail\\related_news.php')
 3 SYSTEMPATH\View\View.php(231): CodeIgniter\View\View->CodeIgniter\View\{closure}()
 4 SYSTEMPATH\Common.php(1190): CodeIgniter\View\View->render('articleDetail/related_news', [], true)
 5 APPPATH\Views\articleDetail\wrapper.php(6): view('articleDetail/related_news')
 6 SYSTEMPATH\View\View.php(228): include('C:\\xampp\\htdocs\\web-news-1\\app\\Views\\articleDetail\\wrapper.php')
 7 SYSTEMPATH\View\View.php(231): CodeIgniter\View\View->CodeIgniter\View\{closure}()
 8 SYSTEMPATH\Common.php(1190): CodeIgniter\View\View->render('articleDetail/wrapper', [], true)
 9 APPPATH\Controllers\ArticleDetail.php(33): view('articleDetail/wrapper', [...])
10 SYSTEMPATH\CodeIgniter.php(942): App\Controllers\ArticleDetail->index('1')
11 SYSTEMPATH\CodeIgniter.php(502): CodeIgniter\CodeIgniter->runController(Object(App\Controllers\ArticleDetail))
12 SYSTEMPATH\CodeIgniter.php(361): CodeIgniter\CodeIgniter->handleRequest(null, Object(Config\Cache), false)
13 FCPATH\index.php(79): CodeIgniter\CodeIgniter->run()
CRITICAL - 2023-11-21 12:30:38 --> Undefined variable $value
in APPPATH\Views\articleDetail\content.php on line 7.
 1 APPPATH\Views\articleDetail\content.php(7): CodeIgniter\Debug\Exceptions->errorHandler(2, 'Undefined variable $value', 'C:\\xampp\\htdocs\\web-news-1\\app\\Views\\articleDetail\\content.php', 7)
 2 SYSTEMPATH\View\View.php(228): include('C:\\xampp\\htdocs\\web-news-1\\app\\Views\\articleDetail\\content.php')
 3 SYSTEMPATH\View\View.php(231): CodeIgniter\View\View->CodeIgniter\View\{closure}()
 4 SYSTEMPATH\Common.php(1190): CodeIgniter\View\View->render('articleDetail/content', [], true)
 5 APPPATH\Views\articleDetail\wrapper.php(5): view('articleDetail/content')
 6 SYSTEMPATH\View\View.php(228): include('C:\\xampp\\htdocs\\web-news-1\\app\\Views\\articleDetail\\wrapper.php')
 7 SYSTEMPATH\View\View.php(231): CodeIgniter\View\View->CodeIgniter\View\{closure}()
 8 SYSTEMPATH\Common.php(1190): CodeIgniter\View\View->render('articleDetail/wrapper', [], true)
 9 APPPATH\Controllers\ArticleDetail.php(42): view('articleDetail/wrapper', [...])
10 SYSTEMPATH\CodeIgniter.php(942): App\Controllers\ArticleDetail->index('1')
11 SYSTEMPATH\CodeIgniter.php(502): CodeIgniter\CodeIgniter->runController(Object(App\Controllers\ArticleDetail))
12 SYSTEMPATH\CodeIgniter.php(361): CodeIgniter\CodeIgniter->handleRequest(null, Object(Config\Cache), false)
13 FCPATH\index.php(79): CodeIgniter\CodeIgniter->run()
CRITICAL - 2023-11-21 13:17:46 --> Undefined variable $response_news_pin
in APPPATH\Views\home\recomendation_news.php on line 15.
 1 APPPATH\Views\home\recomendation_news.php(15): CodeIgniter\Debug\Exceptions->errorHandler(2, 'Undefined variable $response_news_pin', 'C:\\xampp\\htdocs\\web-news-1\\app\\Views\\home\\recomendation_news.php', 15)
 2 SYSTEMPATH\View\View.php(228): include('C:\\xampp\\htdocs\\web-news-1\\app\\Views\\home\\recomendation_news.php')
 3 SYSTEMPATH\View\View.php(231): CodeIgniter\View\View->CodeIgniter\View\{closure}()
 4 SYSTEMPATH\Common.php(1190): CodeIgniter\View\View->render('home/recomendation_news', [], true)
 5 APPPATH\Views\home\wrapper.php(6): view('home/recomendation_news')
 6 SYSTEMPATH\View\View.php(228): include('C:\\xampp\\htdocs\\web-news-1\\app\\Views\\home\\wrapper.php')
 7 SYSTEMPATH\View\View.php(231): CodeIgniter\View\View->CodeIgniter\View\{closure}()
 8 SYSTEMPATH\Common.php(1190): CodeIgniter\View\View->render('home/wrapper', [], true)
 9 APPPATH\Controllers\Home.php(60): view('home/wrapper', [...])
10 SYSTEMPATH\CodeIgniter.php(942): App\Controllers\Home->search()
11 SYSTEMPATH\CodeIgniter.php(502): CodeIgniter\CodeIgniter->runController(Object(App\Controllers\Home))
12 SYSTEMPATH\CodeIgniter.php(361): CodeIgniter\CodeIgniter->handleRequest(null, Object(Config\Cache), false)
13 FCPATH\index.php(79): CodeIgniter\CodeIgniter->run()
CRITICAL - 2023-11-21 13:18:36 --> Trying to access array offset on value of type null
in APPPATH\Views\articleDetail\header.php on line 14.
 1 APPPATH\Views\articleDetail\header.php(14): CodeIgniter\Debug\Exceptions->errorHandler(2, 'Trying to access array offset on value of type null', 'C:\\xampp\\htdocs\\web-news-1\\app\\Views\\articleDetail\\header.php', 14)
 2 SYSTEMPATH\View\View.php(228): include('C:\\xampp\\htdocs\\web-news-1\\app\\Views\\articleDetail\\header.php')
 3 SYSTEMPATH\View\View.php(231): CodeIgniter\View\View->CodeIgniter\View\{closure}()
 4 SYSTEMPATH\Common.php(1190): CodeIgniter\View\View->render('articleDetail/header', [], true)
 5 APPPATH\Views\page\wrapper.php(3): view('articleDetail/header')
 6 SYSTEMPATH\View\View.php(228): include('C:\\xampp\\htdocs\\web-news-1\\app\\Views\\page\\wrapper.php')
 7 SYSTEMPATH\View\View.php(231): CodeIgniter\View\View->CodeIgniter\View\{closure}()
 8 SYSTEMPATH\Common.php(1190): CodeIgniter\View\View->render('page/wrapper', [], true)
 9 APPPATH\Controllers\Home.php(60): view('page/wrapper', [...])
10 SYSTEMPATH\CodeIgniter.php(942): App\Controllers\Home->search()
11 SYSTEMPATH\CodeIgniter.php(502): CodeIgniter\CodeIgniter->runController(Object(App\Controllers\Home))
12 SYSTEMPATH\CodeIgniter.php(361): CodeIgniter\CodeIgniter->handleRequest(null, Object(Config\Cache), false)
13 FCPATH\index.php(79): CodeIgniter\CodeIgniter->run()
CRITICAL - 2023-11-21 13:18:37 --> Trying to access array offset on value of type null
in APPPATH\Views\articleDetail\header.php on line 14.
 1 APPPATH\Views\articleDetail\header.php(14): CodeIgniter\Debug\Exceptions->errorHandler(2, 'Trying to access array offset on value of type null', 'C:\\xampp\\htdocs\\web-news-1\\app\\Views\\articleDetail\\header.php', 14)
 2 SYSTEMPATH\View\View.php(228): include('C:\\xampp\\htdocs\\web-news-1\\app\\Views\\articleDetail\\header.php')
 3 SYSTEMPATH\View\View.php(231): CodeIgniter\View\View->CodeIgniter\View\{closure}()
 4 SYSTEMPATH\Common.php(1190): CodeIgniter\View\View->render('articleDetail/header', [], true)
 5 APPPATH\Views\page\wrapper.php(3): view('articleDetail/header')
 6 SYSTEMPATH\View\View.php(228): include('C:\\xampp\\htdocs\\web-news-1\\app\\Views\\page\\wrapper.php')
 7 SYSTEMPATH\View\View.php(231): CodeIgniter\View\View->CodeIgniter\View\{closure}()
 8 SYSTEMPATH\Common.php(1190): CodeIgniter\View\View->render('page/wrapper', [], true)
 9 APPPATH\Controllers\Home.php(60): view('page/wrapper', [...])
10 SYSTEMPATH\CodeIgniter.php(942): App\Controllers\Home->search()
11 SYSTEMPATH\CodeIgniter.php(502): CodeIgniter\CodeIgniter->runController(Object(App\Controllers\Home))
12 SYSTEMPATH\CodeIgniter.php(361): CodeIgniter\CodeIgniter->handleRequest(null, Object(Config\Cache), false)
13 FCPATH\index.php(79): CodeIgniter\CodeIgniter->run()
CRITICAL - 2023-11-21 13:18:38 --> Trying to access array offset on value of type null
in APPPATH\Views\articleDetail\header.php on line 14.
 1 APPPATH\Views\articleDetail\header.php(14): CodeIgniter\Debug\Exceptions->errorHandler(2, 'Trying to access array offset on value of type null', 'C:\\xampp\\htdocs\\web-news-1\\app\\Views\\articleDetail\\header.php', 14)
 2 SYSTEMPATH\View\View.php(228): include('C:\\xampp\\htdocs\\web-news-1\\app\\Views\\articleDetail\\header.php')
 3 SYSTEMPATH\View\View.php(231): CodeIgniter\View\View->CodeIgniter\View\{closure}()
 4 SYSTEMPATH\Common.php(1190): CodeIgniter\View\View->render('articleDetail/header', [], true)
 5 APPPATH\Views\page\wrapper.php(3): view('articleDetail/header')
 6 SYSTEMPATH\View\View.php(228): include('C:\\xampp\\htdocs\\web-news-1\\app\\Views\\page\\wrapper.php')
 7 SYSTEMPATH\View\View.php(231): CodeIgniter\View\View->CodeIgniter\View\{closure}()
 8 SYSTEMPATH\Common.php(1190): CodeIgniter\View\View->render('page/wrapper', [], true)
 9 APPPATH\Controllers\Home.php(60): view('page/wrapper', [...])
10 SYSTEMPATH\CodeIgniter.php(942): App\Controllers\Home->search()
11 SYSTEMPATH\CodeIgniter.php(502): CodeIgniter\CodeIgniter->runController(Object(App\Controllers\Home))
12 SYSTEMPATH\CodeIgniter.php(361): CodeIgniter\CodeIgniter->handleRequest(null, Object(Config\Cache), false)
13 FCPATH\index.php(79): CodeIgniter\CodeIgniter->run()
CRITICAL - 2023-11-21 13:19:16 --> Trying to access array offset on value of type null
in APPPATH\Views\articleDetail\header.php on line 14.
 1 APPPATH\Views\articleDetail\header.php(14): CodeIgniter\Debug\Exceptions->errorHandler(2, 'Trying to access array offset on value of type null', 'C:\\xampp\\htdocs\\web-news-1\\app\\Views\\articleDetail\\header.php', 14)
 2 SYSTEMPATH\View\View.php(228): include('C:\\xampp\\htdocs\\web-news-1\\app\\Views\\articleDetail\\header.php')
 3 SYSTEMPATH\View\View.php(231): CodeIgniter\View\View->CodeIgniter\View\{closure}()
 4 SYSTEMPATH\Common.php(1190): CodeIgniter\View\View->render('articleDetail/header', [], true)
 5 APPPATH\Views\page\wrapper.php(3): view('articleDetail/header')
 6 SYSTEMPATH\View\View.php(228): include('C:\\xampp\\htdocs\\web-news-1\\app\\Views\\page\\wrapper.php')
 7 SYSTEMPATH\View\View.php(231): CodeIgniter\View\View->CodeIgniter\View\{closure}()
 8 SYSTEMPATH\Common.php(1190): CodeIgniter\View\View->render('page/wrapper', [], true)
 9 APPPATH\Controllers\Home.php(60): view('page/wrapper', [...])
10 SYSTEMPATH\CodeIgniter.php(942): App\Controllers\Home->search()
11 SYSTEMPATH\CodeIgniter.php(502): CodeIgniter\CodeIgniter->runController(Object(App\Controllers\Home))
12 SYSTEMPATH\CodeIgniter.php(361): CodeIgniter\CodeIgniter->handleRequest(null, Object(Config\Cache), false)
13 FCPATH\index.php(79): CodeIgniter\CodeIgniter->run()
CRITICAL - 2023-11-21 13:19:58 --> Undefined variable $category
in APPPATH\Views\articleDetail\menu.php on line 28.
 1 APPPATH\Views\articleDetail\menu.php(28): CodeIgniter\Debug\Exceptions->errorHandler(2, 'Undefined variable $category', 'C:\\xampp\\htdocs\\web-news-1\\app\\Views\\articleDetail\\menu.php', 28)
 2 SYSTEMPATH\View\View.php(228): include('C:\\xampp\\htdocs\\web-news-1\\app\\Views\\articleDetail\\menu.php')
 3 SYSTEMPATH\View\View.php(231): CodeIgniter\View\View->CodeIgniter\View\{closure}()
 4 SYSTEMPATH\Common.php(1190): CodeIgniter\View\View->render('articleDetail/menu', [], true)
 5 APPPATH\Views\page\wrapper.php(4): view('articleDetail/menu')
 6 SYSTEMPATH\View\View.php(228): include('C:\\xampp\\htdocs\\web-news-1\\app\\Views\\page\\wrapper.php')
 7 SYSTEMPATH\View\View.php(231): CodeIgniter\View\View->CodeIgniter\View\{closure}()
 8 SYSTEMPATH\Common.php(1190): CodeIgniter\View\View->render('page/wrapper', [], true)
 9 APPPATH\Controllers\Home.php(60): view('page/wrapper', [...])
10 SYSTEMPATH\CodeIgniter.php(942): App\Controllers\Home->search()
11 SYSTEMPATH\CodeIgniter.php(502): CodeIgniter\CodeIgniter->runController(Object(App\Controllers\Home))
12 SYSTEMPATH\CodeIgniter.php(361): CodeIgniter\CodeIgniter->handleRequest(null, Object(Config\Cache), false)
13 FCPATH\index.php(79): CodeIgniter\CodeIgniter->run()
CRITICAL - 2023-11-21 13:20:46 --> Trying to access array offset on value of type null
in APPPATH\Views\articleDetail\content.php on line 7.
 1 APPPATH\Views\articleDetail\content.php(7): CodeIgniter\Debug\Exceptions->errorHandler(2, 'Trying to access array offset on value of type null', 'C:\\xampp\\htdocs\\web-news-1\\app\\Views\\articleDetail\\content.php', 7)
 2 SYSTEMPATH\View\View.php(228): include('C:\\xampp\\htdocs\\web-news-1\\app\\Views\\articleDetail\\content.php')
 3 SYSTEMPATH\View\View.php(231): CodeIgniter\View\View->CodeIgniter\View\{closure}()
 4 SYSTEMPATH\Common.php(1190): CodeIgniter\View\View->render('articleDetail/content', [], true)
 5 APPPATH\Views\page\wrapper.php(5): view('articleDetail/content')
 6 SYSTEMPATH\View\View.php(228): include('C:\\xampp\\htdocs\\web-news-1\\app\\Views\\page\\wrapper.php')
 7 SYSTEMPATH\View\View.php(231): CodeIgniter\View\View->CodeIgniter\View\{closure}()
 8 SYSTEMPATH\Common.php(1190): CodeIgniter\View\View->render('page/wrapper', [], true)
 9 APPPATH\Controllers\Home.php(69): view('page/wrapper', [...])
10 SYSTEMPATH\CodeIgniter.php(942): App\Controllers\Home->search()
11 SYSTEMPATH\CodeIgniter.php(502): CodeIgniter\CodeIgniter->runController(Object(App\Controllers\Home))
12 SYSTEMPATH\CodeIgniter.php(361): CodeIgniter\CodeIgniter->handleRequest(null, Object(Config\Cache), false)
13 FCPATH\index.php(79): CodeIgniter\CodeIgniter->run()
CRITICAL - 2023-11-21 13:21:03 --> Undefined variable $related
in APPPATH\Views\articleDetail\related_news.php on line 14.
 1 APPPATH\Views\articleDetail\related_news.php(14): CodeIgniter\Debug\Exceptions->errorHandler(2, 'Undefined variable $related', 'C:\\xampp\\htdocs\\web-news-1\\app\\Views\\articleDetail\\related_news.php', 14)
 2 SYSTEMPATH\View\View.php(228): include('C:\\xampp\\htdocs\\web-news-1\\app\\Views\\articleDetail\\related_news.php')
 3 SYSTEMPATH\View\View.php(231): CodeIgniter\View\View->CodeIgniter\View\{closure}()
 4 SYSTEMPATH\Common.php(1190): CodeIgniter\View\View->render('articleDetail/related_news', [], true)
 5 APPPATH\Views\page\wrapper.php(6): view('articleDetail/related_news')
 6 SYSTEMPATH\View\View.php(228): include('C:\\xampp\\htdocs\\web-news-1\\app\\Views\\page\\wrapper.php')
 7 SYSTEMPATH\View\View.php(231): CodeIgniter\View\View->CodeIgniter\View\{closure}()
 8 SYSTEMPATH\Common.php(1190): CodeIgniter\View\View->render('page/wrapper', [], true)
 9 APPPATH\Controllers\Home.php(69): view('page/wrapper', [...])
10 SYSTEMPATH\CodeIgniter.php(942): App\Controllers\Home->search()
11 SYSTEMPATH\CodeIgniter.php(502): CodeIgniter\CodeIgniter->runController(Object(App\Controllers\Home))
12 SYSTEMPATH\CodeIgniter.php(361): CodeIgniter\CodeIgniter->handleRequest(null, Object(Config\Cache), false)
13 FCPATH\index.php(79): CodeIgniter\CodeIgniter->run()
CRITICAL - 2023-11-21 13:52:13 --> Cannot access offset of type string on string
in APPPATH\Views\page\content.php on line 14.
 1 SYSTEMPATH\View\View.php(228): include()
 2 SYSTEMPATH\View\View.php(231): CodeIgniter\View\View->CodeIgniter\View\{closure}()
 3 SYSTEMPATH\Common.php(1190): CodeIgniter\View\View->render('page/content', [], true)
 4 APPPATH\Views\page\wrapper.php(5): view('page/content')
 5 SYSTEMPATH\View\View.php(228): include('C:\\xampp\\htdocs\\web-news-1\\app\\Views\\page\\wrapper.php')
 6 SYSTEMPATH\View\View.php(231): CodeIgniter\View\View->CodeIgniter\View\{closure}()
 7 SYSTEMPATH\Common.php(1190): CodeIgniter\View\View->render('page/wrapper', [], true)
 8 APPPATH\Controllers\Home.php(69): view('page/wrapper', [...])
 9 SYSTEMPATH\CodeIgniter.php(942): App\Controllers\Home->search('art')
10 SYSTEMPATH\CodeIgniter.php(502): CodeIgniter\CodeIgniter->runController(Object(App\Controllers\Home))
11 SYSTEMPATH\CodeIgniter.php(361): CodeIgniter\CodeIgniter->handleRequest(null, Object(Config\Cache), false)
12 FCPATH\index.php(79): CodeIgniter\CodeIgniter->run()
CRITICAL - 2023-11-21 13:53:21 --> Cannot access offset of type string on string
in APPPATH\Views\page\content.php on line 14.
 1 SYSTEMPATH\View\View.php(228): include()
 2 SYSTEMPATH\View\View.php(231): CodeIgniter\View\View->CodeIgniter\View\{closure}()
 3 SYSTEMPATH\Common.php(1190): CodeIgniter\View\View->render('page/content', [], true)
 4 APPPATH\Views\page\wrapper.php(5): view('page/content')
 5 SYSTEMPATH\View\View.php(228): include('C:\\xampp\\htdocs\\web-news-1\\app\\Views\\page\\wrapper.php')
 6 SYSTEMPATH\View\View.php(231): CodeIgniter\View\View->CodeIgniter\View\{closure}()
 7 SYSTEMPATH\Common.php(1190): CodeIgniter\View\View->render('page/wrapper', [], true)
 8 APPPATH\Controllers\Home.php(69): view('page/wrapper', [...])
 9 SYSTEMPATH\CodeIgniter.php(942): App\Controllers\Home->search('art')
10 SYSTEMPATH\CodeIgniter.php(502): CodeIgniter\CodeIgniter->runController(Object(App\Controllers\Home))
11 SYSTEMPATH\CodeIgniter.php(361): CodeIgniter\CodeIgniter->handleRequest(null, Object(Config\Cache), false)
12 FCPATH\index.php(79): CodeIgniter\CodeIgniter->run()
CRITICAL - 2023-11-21 13:54:37 --> Cannot access offset of type string on string
in APPPATH\Views\page\content.php on line 14.
 1 SYSTEMPATH\View\View.php(228): include()
 2 SYSTEMPATH\View\View.php(231): CodeIgniter\View\View->CodeIgniter\View\{closure}()
 3 SYSTEMPATH\Common.php(1190): CodeIgniter\View\View->render('page/content', [], true)
 4 APPPATH\Views\page\wrapper.php(5): view('page/content')
 5 SYSTEMPATH\View\View.php(228): include('C:\\xampp\\htdocs\\web-news-1\\app\\Views\\page\\wrapper.php')
 6 SYSTEMPATH\View\View.php(231): CodeIgniter\View\View->CodeIgniter\View\{closure}()
 7 SYSTEMPATH\Common.php(1190): CodeIgniter\View\View->render('page/wrapper', [], true)
 8 APPPATH\Controllers\Home.php(69): view('page/wrapper', [...])
 9 SYSTEMPATH\CodeIgniter.php(942): App\Controllers\Home->search('art')
10 SYSTEMPATH\CodeIgniter.php(502): CodeIgniter\CodeIgniter->runController(Object(App\Controllers\Home))
11 SYSTEMPATH\CodeIgniter.php(361): CodeIgniter\CodeIgniter->handleRequest(null, Object(Config\Cache), false)
12 FCPATH\index.php(79): CodeIgniter\CodeIgniter->run()
CRITICAL - 2023-11-21 13:55:25 --> Cannot access offset of type string on string
in APPPATH\Views\page\content.php on line 14.
 1 SYSTEMPATH\View\View.php(228): include()
 2 SYSTEMPATH\View\View.php(231): CodeIgniter\View\View->CodeIgniter\View\{closure}()
 3 SYSTEMPATH\Common.php(1190): CodeIgniter\View\View->render('page/content', [], true)
 4 APPPATH\Views\page\wrapper.php(5): view('page/content')
 5 SYSTEMPATH\View\View.php(228): include('C:\\xampp\\htdocs\\web-news-1\\app\\Views\\page\\wrapper.php')
 6 SYSTEMPATH\View\View.php(231): CodeIgniter\View\View->CodeIgniter\View\{closure}()
 7 SYSTEMPATH\Common.php(1190): CodeIgniter\View\View->render('page/wrapper', [], true)
 8 APPPATH\Controllers\Home.php(69): view('page/wrapper', [...])
 9 SYSTEMPATH\CodeIgniter.php(942): App\Controllers\Home->search('art')
10 SYSTEMPATH\CodeIgniter.php(502): CodeIgniter\CodeIgniter->runController(Object(App\Controllers\Home))
11 SYSTEMPATH\CodeIgniter.php(361): CodeIgniter\CodeIgniter->handleRequest(null, Object(Config\Cache), false)
12 FCPATH\index.php(79): CodeIgniter\CodeIgniter->run()
CRITICAL - 2023-11-21 13:56:37 --> Cannot access offset of type string on string
in APPPATH\Views\page\content.php on line 14.
 1 SYSTEMPATH\View\View.php(228): include()
 2 SYSTEMPATH\View\View.php(231): CodeIgniter\View\View->CodeIgniter\View\{closure}()
 3 SYSTEMPATH\Common.php(1190): CodeIgniter\View\View->render('page/content', [], true)
 4 APPPATH\Views\page\wrapper.php(5): view('page/content')
 5 SYSTEMPATH\View\View.php(228): include('C:\\xampp\\htdocs\\web-news-1\\app\\Views\\page\\wrapper.php')
 6 SYSTEMPATH\View\View.php(231): CodeIgniter\View\View->CodeIgniter\View\{closure}()
 7 SYSTEMPATH\Common.php(1190): CodeIgniter\View\View->render('page/wrapper', [], true)
 8 APPPATH\Controllers\Home.php(69): view('page/wrapper', [...])
 9 SYSTEMPATH\CodeIgniter.php(942): App\Controllers\Home->search('art')
10 SYSTEMPATH\CodeIgniter.php(502): CodeIgniter\CodeIgniter->runController(Object(App\Controllers\Home))
11 SYSTEMPATH\CodeIgniter.php(361): CodeIgniter\CodeIgniter->handleRequest(null, Object(Config\Cache), false)
12 FCPATH\index.php(79): CodeIgniter\CodeIgniter->run()
CRITICAL - 2023-11-21 13:56:39 --> Cannot access offset of type string on string
in APPPATH\Views\page\content.php on line 14.
 1 SYSTEMPATH\View\View.php(228): include()
 2 SYSTEMPATH\View\View.php(231): CodeIgniter\View\View->CodeIgniter\View\{closure}()
 3 SYSTEMPATH\Common.php(1190): CodeIgniter\View\View->render('page/content', [], true)
 4 APPPATH\Views\page\wrapper.php(5): view('page/content')
 5 SYSTEMPATH\View\View.php(228): include('C:\\xampp\\htdocs\\web-news-1\\app\\Views\\page\\wrapper.php')
 6 SYSTEMPATH\View\View.php(231): CodeIgniter\View\View->CodeIgniter\View\{closure}()
 7 SYSTEMPATH\Common.php(1190): CodeIgniter\View\View->render('page/wrapper', [], true)
 8 APPPATH\Controllers\Home.php(69): view('page/wrapper', [...])
 9 SYSTEMPATH\CodeIgniter.php(942): App\Controllers\Home->search('art')
10 SYSTEMPATH\CodeIgniter.php(502): CodeIgniter\CodeIgniter->runController(Object(App\Controllers\Home))
11 SYSTEMPATH\CodeIgniter.php(361): CodeIgniter\CodeIgniter->handleRequest(null, Object(Config\Cache), false)
12 FCPATH\index.php(79): CodeIgniter\CodeIgniter->run()
CRITICAL - 2023-11-21 13:56:40 --> Cannot access offset of type string on string
in APPPATH\Views\page\content.php on line 14.
 1 SYSTEMPATH\View\View.php(228): include()
 2 SYSTEMPATH\View\View.php(231): CodeIgniter\View\View->CodeIgniter\View\{closure}()
 3 SYSTEMPATH\Common.php(1190): CodeIgniter\View\View->render('page/content', [], true)
 4 APPPATH\Views\page\wrapper.php(5): view('page/content')
 5 SYSTEMPATH\View\View.php(228): include('C:\\xampp\\htdocs\\web-news-1\\app\\Views\\page\\wrapper.php')
 6 SYSTEMPATH\View\View.php(231): CodeIgniter\View\View->CodeIgniter\View\{closure}()
 7 SYSTEMPATH\Common.php(1190): CodeIgniter\View\View->render('page/wrapper', [], true)
 8 APPPATH\Controllers\Home.php(69): view('page/wrapper', [...])
 9 SYSTEMPATH\CodeIgniter.php(942): App\Controllers\Home->search('art')
10 SYSTEMPATH\CodeIgniter.php(502): CodeIgniter\CodeIgniter->runController(Object(App\Controllers\Home))
11 SYSTEMPATH\CodeIgniter.php(361): CodeIgniter\CodeIgniter->handleRequest(null, Object(Config\Cache), false)
12 FCPATH\index.php(79): CodeIgniter\CodeIgniter->run()
CRITICAL - 2023-11-21 13:56:40 --> Cannot access offset of type string on string
in APPPATH\Views\page\content.php on line 14.
 1 SYSTEMPATH\View\View.php(228): include()
 2 SYSTEMPATH\View\View.php(231): CodeIgniter\View\View->CodeIgniter\View\{closure}()
 3 SYSTEMPATH\Common.php(1190): CodeIgniter\View\View->render('page/content', [], true)
 4 APPPATH\Views\page\wrapper.php(5): view('page/content')
 5 SYSTEMPATH\View\View.php(228): include('C:\\xampp\\htdocs\\web-news-1\\app\\Views\\page\\wrapper.php')
 6 SYSTEMPATH\View\View.php(231): CodeIgniter\View\View->CodeIgniter\View\{closure}()
 7 SYSTEMPATH\Common.php(1190): CodeIgniter\View\View->render('page/wrapper', [], true)
 8 APPPATH\Controllers\Home.php(69): view('page/wrapper', [...])
 9 SYSTEMPATH\CodeIgniter.php(942): App\Controllers\Home->search('art')
10 SYSTEMPATH\CodeIgniter.php(502): CodeIgniter\CodeIgniter->runController(Object(App\Controllers\Home))
11 SYSTEMPATH\CodeIgniter.php(361): CodeIgniter\CodeIgniter->handleRequest(null, Object(Config\Cache), false)
12 FCPATH\index.php(79): CodeIgniter\CodeIgniter->run()
CRITICAL - 2023-11-21 13:56:40 --> Cannot access offset of type string on string
in APPPATH\Views\page\content.php on line 14.
 1 SYSTEMPATH\View\View.php(228): include()
 2 SYSTEMPATH\View\View.php(231): CodeIgniter\View\View->CodeIgniter\View\{closure}()
 3 SYSTEMPATH\Common.php(1190): CodeIgniter\View\View->render('page/content', [], true)
 4 APPPATH\Views\page\wrapper.php(5): view('page/content')
 5 SYSTEMPATH\View\View.php(228): include('C:\\xampp\\htdocs\\web-news-1\\app\\Views\\page\\wrapper.php')
 6 SYSTEMPATH\View\View.php(231): CodeIgniter\View\View->CodeIgniter\View\{closure}()
 7 SYSTEMPATH\Common.php(1190): CodeIgniter\View\View->render('page/wrapper', [], true)
 8 APPPATH\Controllers\Home.php(69): view('page/wrapper', [...])
 9 SYSTEMPATH\CodeIgniter.php(942): App\Controllers\Home->search('art')
10 SYSTEMPATH\CodeIgniter.php(502): CodeIgniter\CodeIgniter->runController(Object(App\Controllers\Home))
11 SYSTEMPATH\CodeIgniter.php(361): CodeIgniter\CodeIgniter->handleRequest(null, Object(Config\Cache), false)
12 FCPATH\index.php(79): CodeIgniter\CodeIgniter->run()
CRITICAL - 2023-11-21 13:56:41 --> Cannot access offset of type string on string
in APPPATH\Views\page\content.php on line 14.
 1 SYSTEMPATH\View\View.php(228): include()
 2 SYSTEMPATH\View\View.php(231): CodeIgniter\View\View->CodeIgniter\View\{closure}()
 3 SYSTEMPATH\Common.php(1190): CodeIgniter\View\View->render('page/content', [], true)
 4 APPPATH\Views\page\wrapper.php(5): view('page/content')
 5 SYSTEMPATH\View\View.php(228): include('C:\\xampp\\htdocs\\web-news-1\\app\\Views\\page\\wrapper.php')
 6 SYSTEMPATH\View\View.php(231): CodeIgniter\View\View->CodeIgniter\View\{closure}()
 7 SYSTEMPATH\Common.php(1190): CodeIgniter\View\View->render('page/wrapper', [], true)
 8 APPPATH\Controllers\Home.php(69): view('page/wrapper', [...])
 9 SYSTEMPATH\CodeIgniter.php(942): App\Controllers\Home->search('art')
10 SYSTEMPATH\CodeIgniter.php(502): CodeIgniter\CodeIgniter->runController(Object(App\Controllers\Home))
11 SYSTEMPATH\CodeIgniter.php(361): CodeIgniter\CodeIgniter->handleRequest(null, Object(Config\Cache), false)
12 FCPATH\index.php(79): CodeIgniter\CodeIgniter->run()
CRITICAL - 2023-11-21 13:56:41 --> Cannot access offset of type string on string
in APPPATH\Views\page\content.php on line 14.
 1 SYSTEMPATH\View\View.php(228): include()
 2 SYSTEMPATH\View\View.php(231): CodeIgniter\View\View->CodeIgniter\View\{closure}()
 3 SYSTEMPATH\Common.php(1190): CodeIgniter\View\View->render('page/content', [], true)
 4 APPPATH\Views\page\wrapper.php(5): view('page/content')
 5 SYSTEMPATH\View\View.php(228): include('C:\\xampp\\htdocs\\web-news-1\\app\\Views\\page\\wrapper.php')
 6 SYSTEMPATH\View\View.php(231): CodeIgniter\View\View->CodeIgniter\View\{closure}()
 7 SYSTEMPATH\Common.php(1190): CodeIgniter\View\View->render('page/wrapper', [], true)
 8 APPPATH\Controllers\Home.php(69): view('page/wrapper', [...])
 9 SYSTEMPATH\CodeIgniter.php(942): App\Controllers\Home->search('art')
10 SYSTEMPATH\CodeIgniter.php(502): CodeIgniter\CodeIgniter->runController(Object(App\Controllers\Home))
11 SYSTEMPATH\CodeIgniter.php(361): CodeIgniter\CodeIgniter->handleRequest(null, Object(Config\Cache), false)
12 FCPATH\index.php(79): CodeIgniter\CodeIgniter->run()
CRITICAL - 2023-11-21 13:56:41 --> Cannot access offset of type string on string
in APPPATH\Views\page\content.php on line 14.
 1 SYSTEMPATH\View\View.php(228): include()
 2 SYSTEMPATH\View\View.php(231): CodeIgniter\View\View->CodeIgniter\View\{closure}()
 3 SYSTEMPATH\Common.php(1190): CodeIgniter\View\View->render('page/content', [], true)
 4 APPPATH\Views\page\wrapper.php(5): view('page/content')
 5 SYSTEMPATH\View\View.php(228): include('C:\\xampp\\htdocs\\web-news-1\\app\\Views\\page\\wrapper.php')
 6 SYSTEMPATH\View\View.php(231): CodeIgniter\View\View->CodeIgniter\View\{closure}()
 7 SYSTEMPATH\Common.php(1190): CodeIgniter\View\View->render('page/wrapper', [], true)
 8 APPPATH\Controllers\Home.php(69): view('page/wrapper', [...])
 9 SYSTEMPATH\CodeIgniter.php(942): App\Controllers\Home->search('art')
10 SYSTEMPATH\CodeIgniter.php(502): CodeIgniter\CodeIgniter->runController(Object(App\Controllers\Home))
11 SYSTEMPATH\CodeIgniter.php(361): CodeIgniter\CodeIgniter->handleRequest(null, Object(Config\Cache), false)
12 FCPATH\index.php(79): CodeIgniter\CodeIgniter->run()
CRITICAL - 2023-11-21 13:56:42 --> Cannot access offset of type string on string
in APPPATH\Views\page\content.php on line 14.
 1 SYSTEMPATH\View\View.php(228): include()
 2 SYSTEMPATH\View\View.php(231): CodeIgniter\View\View->CodeIgniter\View\{closure}()
 3 SYSTEMPATH\Common.php(1190): CodeIgniter\View\View->render('page/content', [], true)
 4 APPPATH\Views\page\wrapper.php(5): view('page/content')
 5 SYSTEMPATH\View\View.php(228): include('C:\\xampp\\htdocs\\web-news-1\\app\\Views\\page\\wrapper.php')
 6 SYSTEMPATH\View\View.php(231): CodeIgniter\View\View->CodeIgniter\View\{closure}()
 7 SYSTEMPATH\Common.php(1190): CodeIgniter\View\View->render('page/wrapper', [], true)
 8 APPPATH\Controllers\Home.php(69): view('page/wrapper', [...])
 9 SYSTEMPATH\CodeIgniter.php(942): App\Controllers\Home->search('art')
10 SYSTEMPATH\CodeIgniter.php(502): CodeIgniter\CodeIgniter->runController(Object(App\Controllers\Home))
11 SYSTEMPATH\CodeIgniter.php(361): CodeIgniter\CodeIgniter->handleRequest(null, Object(Config\Cache), false)
12 FCPATH\index.php(79): CodeIgniter\CodeIgniter->run()
CRITICAL - 2023-11-21 13:56:42 --> Cannot access offset of type string on string
in APPPATH\Views\page\content.php on line 14.
 1 SYSTEMPATH\View\View.php(228): include()
 2 SYSTEMPATH\View\View.php(231): CodeIgniter\View\View->CodeIgniter\View\{closure}()
 3 SYSTEMPATH\Common.php(1190): CodeIgniter\View\View->render('page/content', [], true)
 4 APPPATH\Views\page\wrapper.php(5): view('page/content')
 5 SYSTEMPATH\View\View.php(228): include('C:\\xampp\\htdocs\\web-news-1\\app\\Views\\page\\wrapper.php')
 6 SYSTEMPATH\View\View.php(231): CodeIgniter\View\View->CodeIgniter\View\{closure}()
 7 SYSTEMPATH\Common.php(1190): CodeIgniter\View\View->render('page/wrapper', [], true)
 8 APPPATH\Controllers\Home.php(69): view('page/wrapper', [...])
 9 SYSTEMPATH\CodeIgniter.php(942): App\Controllers\Home->search('art')
10 SYSTEMPATH\CodeIgniter.php(502): CodeIgniter\CodeIgniter->runController(Object(App\Controllers\Home))
11 SYSTEMPATH\CodeIgniter.php(361): CodeIgniter\CodeIgniter->handleRequest(null, Object(Config\Cache), false)
12 FCPATH\index.php(79): CodeIgniter\CodeIgniter->run()
CRITICAL - 2023-11-21 13:57:05 --> Cannot access offset of type string on string
in APPPATH\Views\page\content.php on line 9.
 1 SYSTEMPATH\View\View.php(228): include()
 2 SYSTEMPATH\View\View.php(231): CodeIgniter\View\View->CodeIgniter\View\{closure}()
 3 SYSTEMPATH\Common.php(1190): CodeIgniter\View\View->render('page/content', [], true)
 4 APPPATH\Views\page\wrapper.php(5): view('page/content')
 5 SYSTEMPATH\View\View.php(228): include('C:\\xampp\\htdocs\\web-news-1\\app\\Views\\page\\wrapper.php')
 6 SYSTEMPATH\View\View.php(231): CodeIgniter\View\View->CodeIgniter\View\{closure}()
 7 SYSTEMPATH\Common.php(1190): CodeIgniter\View\View->render('page/wrapper', [], true)
 8 APPPATH\Controllers\Home.php(69): view('page/wrapper', [...])
 9 SYSTEMPATH\CodeIgniter.php(942): App\Controllers\Home->search('art')
10 SYSTEMPATH\CodeIgniter.php(502): CodeIgniter\CodeIgniter->runController(Object(App\Controllers\Home))
11 SYSTEMPATH\CodeIgniter.php(361): CodeIgniter\CodeIgniter->handleRequest(null, Object(Config\Cache), false)
12 FCPATH\index.php(79): CodeIgniter\CodeIgniter->run()
CRITICAL - 2023-11-21 13:57:07 --> Cannot access offset of type string on string
in APPPATH\Views\page\content.php on line 9.
 1 SYSTEMPATH\View\View.php(228): include()
 2 SYSTEMPATH\View\View.php(231): CodeIgniter\View\View->CodeIgniter\View\{closure}()
 3 SYSTEMPATH\Common.php(1190): CodeIgniter\View\View->render('page/content', [], true)
 4 APPPATH\Views\page\wrapper.php(5): view('page/content')
 5 SYSTEMPATH\View\View.php(228): include('C:\\xampp\\htdocs\\web-news-1\\app\\Views\\page\\wrapper.php')
 6 SYSTEMPATH\View\View.php(231): CodeIgniter\View\View->CodeIgniter\View\{closure}()
 7 SYSTEMPATH\Common.php(1190): CodeIgniter\View\View->render('page/wrapper', [], true)
 8 APPPATH\Controllers\Home.php(69): view('page/wrapper', [...])
 9 SYSTEMPATH\CodeIgniter.php(942): App\Controllers\Home->search('art')
10 SYSTEMPATH\CodeIgniter.php(502): CodeIgniter\CodeIgniter->runController(Object(App\Controllers\Home))
11 SYSTEMPATH\CodeIgniter.php(361): CodeIgniter\CodeIgniter->handleRequest(null, Object(Config\Cache), false)
12 FCPATH\index.php(79): CodeIgniter\CodeIgniter->run()
CRITICAL - 2023-11-21 13:57:54 --> Array to string conversion
in APPPATH\Views\page\content.php on line 7.
 1 APPPATH\Views\page\content.php(7): CodeIgniter\Debug\Exceptions->errorHandler(2, 'Array to string conversion', 'C:\\xampp\\htdocs\\web-news-1\\app\\Views\\page\\content.php', 7)
 2 SYSTEMPATH\View\View.php(228): include('C:\\xampp\\htdocs\\web-news-1\\app\\Views\\page\\content.php')
 3 SYSTEMPATH\View\View.php(231): CodeIgniter\View\View->CodeIgniter\View\{closure}()
 4 SYSTEMPATH\Common.php(1190): CodeIgniter\View\View->render('page/content', [], true)
 5 APPPATH\Views\page\wrapper.php(5): view('page/content')
 6 SYSTEMPATH\View\View.php(228): include('C:\\xampp\\htdocs\\web-news-1\\app\\Views\\page\\wrapper.php')
 7 SYSTEMPATH\View\View.php(231): CodeIgniter\View\View->CodeIgniter\View\{closure}()
 8 SYSTEMPATH\Common.php(1190): CodeIgniter\View\View->render('page/wrapper', [], true)
 9 APPPATH\Controllers\Home.php(69): view('page/wrapper', [...])
10 SYSTEMPATH\CodeIgniter.php(942): App\Controllers\Home->search('art')
11 SYSTEMPATH\CodeIgniter.php(502): CodeIgniter\CodeIgniter->runController(Object(App\Controllers\Home))
12 SYSTEMPATH\CodeIgniter.php(361): CodeIgniter\CodeIgniter->handleRequest(null, Object(Config\Cache), false)
13 FCPATH\index.php(79): CodeIgniter\CodeIgniter->run()
CRITICAL - 2023-11-21 13:58:25 --> Array to string conversion
in APPPATH\Views\page\content.php on line 7.
 1 APPPATH\Views\page\content.php(7): CodeIgniter\Debug\Exceptions->errorHandler(2, 'Array to string conversion', 'C:\\xampp\\htdocs\\web-news-1\\app\\Views\\page\\content.php', 7)
 2 SYSTEMPATH\View\View.php(228): include('C:\\xampp\\htdocs\\web-news-1\\app\\Views\\page\\content.php')
 3 SYSTEMPATH\View\View.php(231): CodeIgniter\View\View->CodeIgniter\View\{closure}()
 4 SYSTEMPATH\Common.php(1190): CodeIgniter\View\View->render('page/content', [], true)
 5 APPPATH\Views\page\wrapper.php(5): view('page/content')
 6 SYSTEMPATH\View\View.php(228): include('C:\\xampp\\htdocs\\web-news-1\\app\\Views\\page\\wrapper.php')
 7 SYSTEMPATH\View\View.php(231): CodeIgniter\View\View->CodeIgniter\View\{closure}()
 8 SYSTEMPATH\Common.php(1190): CodeIgniter\View\View->render('page/wrapper', [], true)
 9 APPPATH\Controllers\Home.php(69): view('page/wrapper', [...])
10 SYSTEMPATH\CodeIgniter.php(942): App\Controllers\Home->search('art')
11 SYSTEMPATH\CodeIgniter.php(502): CodeIgniter\CodeIgniter->runController(Object(App\Controllers\Home))
12 SYSTEMPATH\CodeIgniter.php(361): CodeIgniter\CodeIgniter->handleRequest(null, Object(Config\Cache), false)
13 FCPATH\index.php(79): CodeIgniter\CodeIgniter->run()
CRITICAL - 2023-11-21 13:58:26 --> Array to string conversion
in APPPATH\Views\page\content.php on line 7.
 1 APPPATH\Views\page\content.php(7): CodeIgniter\Debug\Exceptions->errorHandler(2, 'Array to string conversion', 'C:\\xampp\\htdocs\\web-news-1\\app\\Views\\page\\content.php', 7)
 2 SYSTEMPATH\View\View.php(228): include('C:\\xampp\\htdocs\\web-news-1\\app\\Views\\page\\content.php')
 3 SYSTEMPATH\View\View.php(231): CodeIgniter\View\View->CodeIgniter\View\{closure}()
 4 SYSTEMPATH\Common.php(1190): CodeIgniter\View\View->render('page/content', [], true)
 5 APPPATH\Views\page\wrapper.php(5): view('page/content')
 6 SYSTEMPATH\View\View.php(228): include('C:\\xampp\\htdocs\\web-news-1\\app\\Views\\page\\wrapper.php')
 7 SYSTEMPATH\View\View.php(231): CodeIgniter\View\View->CodeIgniter\View\{closure}()
 8 SYSTEMPATH\Common.php(1190): CodeIgniter\View\View->render('page/wrapper', [], true)
 9 APPPATH\Controllers\Home.php(69): view('page/wrapper', [...])
10 SYSTEMPATH\CodeIgniter.php(942): App\Controllers\Home->search('art')
11 SYSTEMPATH\CodeIgniter.php(502): CodeIgniter\CodeIgniter->runController(Object(App\Controllers\Home))
12 SYSTEMPATH\CodeIgniter.php(361): CodeIgniter\CodeIgniter->handleRequest(null, Object(Config\Cache), false)
13 FCPATH\index.php(79): CodeIgniter\CodeIgniter->run()
CRITICAL - 2023-11-21 13:58:39 --> Array to string conversion
in APPPATH\Views\page\content.php on line 7.
 1 APPPATH\Views\page\content.php(7): CodeIgniter\Debug\Exceptions->errorHandler(2, 'Array to string conversion', 'C:\\xampp\\htdocs\\web-news-1\\app\\Views\\page\\content.php', 7)
 2 SYSTEMPATH\View\View.php(228): include('C:\\xampp\\htdocs\\web-news-1\\app\\Views\\page\\content.php')
 3 SYSTEMPATH\View\View.php(231): CodeIgniter\View\View->CodeIgniter\View\{closure}()
 4 SYSTEMPATH\Common.php(1190): CodeIgniter\View\View->render('page/content', [], true)
 5 APPPATH\Views\page\wrapper.php(5): view('page/content')
 6 SYSTEMPATH\View\View.php(228): include('C:\\xampp\\htdocs\\web-news-1\\app\\Views\\page\\wrapper.php')
 7 SYSTEMPATH\View\View.php(231): CodeIgniter\View\View->CodeIgniter\View\{closure}()
 8 SYSTEMPATH\Common.php(1190): CodeIgniter\View\View->render('page/wrapper', [], true)
 9 APPPATH\Controllers\Home.php(69): view('page/wrapper', [...])
10 SYSTEMPATH\CodeIgniter.php(942): App\Controllers\Home->search('art')
11 SYSTEMPATH\CodeIgniter.php(502): CodeIgniter\CodeIgniter->runController(Object(App\Controllers\Home))
12 SYSTEMPATH\CodeIgniter.php(361): CodeIgniter\CodeIgniter->handleRequest(null, Object(Config\Cache), false)
13 FCPATH\index.php(79): CodeIgniter\CodeIgniter->run()
CRITICAL - 2023-11-21 13:58:46 --> Cannot access offset of type string on string
in APPPATH\Views\page\content.php on line 16.
 1 SYSTEMPATH\View\View.php(228): include()
 2 SYSTEMPATH\View\View.php(231): CodeIgniter\View\View->CodeIgniter\View\{closure}()
 3 SYSTEMPATH\Common.php(1190): CodeIgniter\View\View->render('page/content', [], true)
 4 APPPATH\Views\page\wrapper.php(5): view('page/content')
 5 SYSTEMPATH\View\View.php(228): include('C:\\xampp\\htdocs\\web-news-1\\app\\Views\\page\\wrapper.php')
 6 SYSTEMPATH\View\View.php(231): CodeIgniter\View\View->CodeIgniter\View\{closure}()
 7 SYSTEMPATH\Common.php(1190): CodeIgniter\View\View->render('page/wrapper', [], true)
 8 APPPATH\Controllers\Home.php(69): view('page/wrapper', [...])
 9 SYSTEMPATH\CodeIgniter.php(942): App\Controllers\Home->search('art')
10 SYSTEMPATH\CodeIgniter.php(502): CodeIgniter\CodeIgniter->runController(Object(App\Controllers\Home))
11 SYSTEMPATH\CodeIgniter.php(361): CodeIgniter\CodeIgniter->handleRequest(null, Object(Config\Cache), false)
12 FCPATH\index.php(79): CodeIgniter\CodeIgniter->run()
CRITICAL - 2023-11-21 14:00:50 --> Array to string conversion
in APPPATH\Controllers\Home.php on line 69.
 1 APPPATH\Controllers\Home.php(69): CodeIgniter\Debug\Exceptions->errorHandler(2, 'Array to string conversion', 'C:\\xampp\\htdocs\\web-news-1\\app\\Controllers\\Home.php', 69)
 2 SYSTEMPATH\CodeIgniter.php(942): App\Controllers\Home->search('art')
 3 SYSTEMPATH\CodeIgniter.php(502): CodeIgniter\CodeIgniter->runController(Object(App\Controllers\Home))
 4 SYSTEMPATH\CodeIgniter.php(361): CodeIgniter\CodeIgniter->handleRequest(null, Object(Config\Cache), false)
 5 FCPATH\index.php(79): CodeIgniter\CodeIgniter->run()
CRITICAL - 2023-11-21 14:01:04 --> Array to string conversion
in APPPATH\Controllers\Home.php on line 69.
 1 APPPATH\Controllers\Home.php(69): CodeIgniter\Debug\Exceptions->errorHandler(2, 'Array to string conversion', 'C:\\xampp\\htdocs\\web-news-1\\app\\Controllers\\Home.php', 69)
 2 SYSTEMPATH\CodeIgniter.php(942): App\Controllers\Home->search('art')
 3 SYSTEMPATH\CodeIgniter.php(502): CodeIgniter\CodeIgniter->runController(Object(App\Controllers\Home))
 4 SYSTEMPATH\CodeIgniter.php(361): CodeIgniter\CodeIgniter->handleRequest(null, Object(Config\Cache), false)
 5 FCPATH\index.php(79): CodeIgniter\CodeIgniter->run()
CRITICAL - 2023-11-21 14:01:32 --> Object of class CodeIgniter\HTTP\Response could not be converted to string
in APPPATH\Controllers\Home.php on line 69.
 1 SYSTEMPATH\CodeIgniter.php(942): App\Controllers\Home->search('art')
 2 SYSTEMPATH\CodeIgniter.php(502): CodeIgniter\CodeIgniter->runController(Object(App\Controllers\Home))
 3 SYSTEMPATH\CodeIgniter.php(361): CodeIgniter\CodeIgniter->handleRequest(null, Object(Config\Cache), false)
 4 FCPATH\index.php(79): CodeIgniter\CodeIgniter->run()
CRITICAL - 2023-11-21 14:01:55 --> Cannot access offset of type string on string
in APPPATH\Views\page\content.php on line 15.
 1 SYSTEMPATH\View\View.php(228): include()
 2 SYSTEMPATH\View\View.php(231): CodeIgniter\View\View->CodeIgniter\View\{closure}()
 3 SYSTEMPATH\Common.php(1190): CodeIgniter\View\View->render('page/content', [], true)
 4 APPPATH\Views\page\wrapper.php(5): view('page/content')
 5 SYSTEMPATH\View\View.php(228): include('C:\\xampp\\htdocs\\web-news-1\\app\\Views\\page\\wrapper.php')
 6 SYSTEMPATH\View\View.php(231): CodeIgniter\View\View->CodeIgniter\View\{closure}()
 7 SYSTEMPATH\Common.php(1190): CodeIgniter\View\View->render('page/wrapper', [], true)
 8 APPPATH\Controllers\Home.php(70): view('page/wrapper', [...])
 9 SYSTEMPATH\CodeIgniter.php(942): App\Controllers\Home->search('art')
10 SYSTEMPATH\CodeIgniter.php(502): CodeIgniter\CodeIgniter->runController(Object(App\Controllers\Home))
11 SYSTEMPATH\CodeIgniter.php(361): CodeIgniter\CodeIgniter->handleRequest(null, Object(Config\Cache), false)
12 FCPATH\index.php(79): CodeIgniter\CodeIgniter->run()
CRITICAL - 2023-11-21 14:02:57 --> Array to string conversion
in APPPATH\Controllers\Home.php on line 69.
 1 APPPATH\Controllers\Home.php(69): CodeIgniter\Debug\Exceptions->errorHandler(2, 'Array to string conversion', 'C:\\xampp\\htdocs\\web-news-1\\app\\Controllers\\Home.php', 69)
 2 SYSTEMPATH\CodeIgniter.php(942): App\Controllers\Home->search('art')
 3 SYSTEMPATH\CodeIgniter.php(502): CodeIgniter\CodeIgniter->runController(Object(App\Controllers\Home))
 4 SYSTEMPATH\CodeIgniter.php(361): CodeIgniter\CodeIgniter->handleRequest(null, Object(Config\Cache), false)
 5 FCPATH\index.php(79): CodeIgniter\CodeIgniter->run()
CRITICAL - 2023-11-21 14:03:52 --> Undefined variable $keyword
in APPPATH\Views\page\content.php on line 5.
 1 APPPATH\Views\page\content.php(5): CodeIgniter\Debug\Exceptions->errorHandler(2, 'Undefined variable $keyword', 'C:\\xampp\\htdocs\\web-news-1\\app\\Views\\page\\content.php', 5)
 2 SYSTEMPATH\View\View.php(228): include('C:\\xampp\\htdocs\\web-news-1\\app\\Views\\page\\content.php')
 3 SYSTEMPATH\View\View.php(231): CodeIgniter\View\View->CodeIgniter\View\{closure}()
 4 SYSTEMPATH\Common.php(1190): CodeIgniter\View\View->render('page/content', [], true)
 5 APPPATH\Views\page\wrapper.php(5): view('page/content')
 6 SYSTEMPATH\View\View.php(228): include('C:\\xampp\\htdocs\\web-news-1\\app\\Views\\page\\wrapper.php')
 7 SYSTEMPATH\View\View.php(231): CodeIgniter\View\View->CodeIgniter\View\{closure}()
 8 SYSTEMPATH\Common.php(1190): CodeIgniter\View\View->render('page/wrapper', [], true)
 9 APPPATH\Controllers\Home.php(69): view('page/wrapper', [...])
10 SYSTEMPATH\CodeIgniter.php(942): App\Controllers\Home->search('art')
11 SYSTEMPATH\CodeIgniter.php(502): CodeIgniter\CodeIgniter->runController(Object(App\Controllers\Home))
12 SYSTEMPATH\CodeIgniter.php(361): CodeIgniter\CodeIgniter->handleRequest(null, Object(Config\Cache), false)
13 FCPATH\index.php(79): CodeIgniter\CodeIgniter->run()
CRITICAL - 2023-11-21 14:04:34 --> Cannot access offset of type string on string
in APPPATH\Views\page\content.php on line 15.
 1 SYSTEMPATH\View\View.php(228): include()
 2 SYSTEMPATH\View\View.php(231): CodeIgniter\View\View->CodeIgniter\View\{closure}()
 3 SYSTEMPATH\Common.php(1190): CodeIgniter\View\View->render('page/content', [], true)
 4 APPPATH\Views\page\wrapper.php(5): view('page/content')
 5 SYSTEMPATH\View\View.php(228): include('C:\\xampp\\htdocs\\web-news-1\\app\\Views\\page\\wrapper.php')
 6 SYSTEMPATH\View\View.php(231): CodeIgniter\View\View->CodeIgniter\View\{closure}()
 7 SYSTEMPATH\Common.php(1190): CodeIgniter\View\View->render('page/wrapper', [], true)
 8 APPPATH\Controllers\Home.php(69): view('page/wrapper', [...])
 9 SYSTEMPATH\CodeIgniter.php(942): App\Controllers\Home->search('art')
10 SYSTEMPATH\CodeIgniter.php(502): CodeIgniter\CodeIgniter->runController(Object(App\Controllers\Home))
11 SYSTEMPATH\CodeIgniter.php(361): CodeIgniter\CodeIgniter->handleRequest(null, Object(Config\Cache), false)
12 FCPATH\index.php(79): CodeIgniter\CodeIgniter->run()
CRITICAL - 2023-11-21 14:18:20 --> Trying to access array offset on value of type null
in APPPATH\Views\page\content.php on line 8.
 1 APPPATH\Views\page\content.php(8): CodeIgniter\Debug\Exceptions->errorHandler(2, 'Trying to access array offset on value of type null', 'C:\\xampp\\htdocs\\web-news-1\\app\\Views\\page\\content.php', 8)
 2 SYSTEMPATH\View\View.php(228): include('C:\\xampp\\htdocs\\web-news-1\\app\\Views\\page\\content.php')
 3 SYSTEMPATH\View\View.php(231): CodeIgniter\View\View->CodeIgniter\View\{closure}()
 4 SYSTEMPATH\Common.php(1190): CodeIgniter\View\View->render('page/content', [], true)
 5 APPPATH\Views\page\wrapper.php(5): view('page/content')
 6 SYSTEMPATH\View\View.php(228): include('C:\\xampp\\htdocs\\web-news-1\\app\\Views\\page\\wrapper.php')
 7 SYSTEMPATH\View\View.php(231): CodeIgniter\View\View->CodeIgniter\View\{closure}()
 8 SYSTEMPATH\Common.php(1190): CodeIgniter\View\View->render('page/wrapper', [], true)
 9 APPPATH\Controllers\Home.php(72): view('page/wrapper', [...])
10 SYSTEMPATH\CodeIgniter.php(942): App\Controllers\Home->search()
11 SYSTEMPATH\CodeIgniter.php(502): CodeIgniter\CodeIgniter->runController(Object(App\Controllers\Home))
12 SYSTEMPATH\CodeIgniter.php(361): CodeIgniter\CodeIgniter->handleRequest(null, Object(Config\Cache), false)
13 FCPATH\index.php(79): CodeIgniter\CodeIgniter->run()
CRITICAL - 2023-11-21 14:18:30 --> Trying to access array offset on value of type null
in APPPATH\Views\page\content.php on line 8.
 1 APPPATH\Views\page\content.php(8): CodeIgniter\Debug\Exceptions->errorHandler(2, 'Trying to access array offset on value of type null', 'C:\\xampp\\htdocs\\web-news-1\\app\\Views\\page\\content.php', 8)
 2 SYSTEMPATH\View\View.php(228): include('C:\\xampp\\htdocs\\web-news-1\\app\\Views\\page\\content.php')
 3 SYSTEMPATH\View\View.php(231): CodeIgniter\View\View->CodeIgniter\View\{closure}()
 4 SYSTEMPATH\Common.php(1190): CodeIgniter\View\View->render('page/content', [], true)
 5 APPPATH\Views\page\wrapper.php(5): view('page/content')
 6 SYSTEMPATH\View\View.php(228): include('C:\\xampp\\htdocs\\web-news-1\\app\\Views\\page\\wrapper.php')
 7 SYSTEMPATH\View\View.php(231): CodeIgniter\View\View->CodeIgniter\View\{closure}()
 8 SYSTEMPATH\Common.php(1190): CodeIgniter\View\View->render('page/wrapper', [], true)
 9 APPPATH\Controllers\Home.php(72): view('page/wrapper', [...])
10 SYSTEMPATH\CodeIgniter.php(942): App\Controllers\Home->search()
11 SYSTEMPATH\CodeIgniter.php(502): CodeIgniter\CodeIgniter->runController(Object(App\Controllers\Home))
12 SYSTEMPATH\CodeIgniter.php(361): CodeIgniter\CodeIgniter->handleRequest(null, Object(Config\Cache), false)
13 FCPATH\index.php(79): CodeIgniter\CodeIgniter->run()
CRITICAL - 2023-11-21 14:18:50 --> Trying to access array offset on value of type null
in APPPATH\Views\page\content.php on line 8.
 1 APPPATH\Views\page\content.php(8): CodeIgniter\Debug\Exceptions->errorHandler(2, 'Trying to access array offset on value of type null', 'C:\\xampp\\htdocs\\web-news-1\\app\\Views\\page\\content.php', 8)
 2 SYSTEMPATH\View\View.php(228): include('C:\\xampp\\htdocs\\web-news-1\\app\\Views\\page\\content.php')
 3 SYSTEMPATH\View\View.php(231): CodeIgniter\View\View->CodeIgniter\View\{closure}()
 4 SYSTEMPATH\Common.php(1190): CodeIgniter\View\View->render('page/content', [], true)
 5 APPPATH\Views\page\wrapper.php(5): view('page/content')
 6 SYSTEMPATH\View\View.php(228): include('C:\\xampp\\htdocs\\web-news-1\\app\\Views\\page\\wrapper.php')
 7 SYSTEMPATH\View\View.php(231): CodeIgniter\View\View->CodeIgniter\View\{closure}()
 8 SYSTEMPATH\Common.php(1190): CodeIgniter\View\View->render('page/wrapper', [], true)
 9 APPPATH\Controllers\Home.php(72): view('page/wrapper', [...])
10 SYSTEMPATH\CodeIgniter.php(942): App\Controllers\Home->search()
11 SYSTEMPATH\CodeIgniter.php(502): CodeIgniter\CodeIgniter->runController(Object(App\Controllers\Home))
12 SYSTEMPATH\CodeIgniter.php(361): CodeIgniter\CodeIgniter->handleRequest(null, Object(Config\Cache), false)
13 FCPATH\index.php(79): CodeIgniter\CodeIgniter->run()
CRITICAL - 2023-11-21 14:18:57 --> Trying to access array offset on value of type null
in APPPATH\Views\page\content.php on line 8.
 1 APPPATH\Views\page\content.php(8): CodeIgniter\Debug\Exceptions->errorHandler(2, 'Trying to access array offset on value of type null', 'C:\\xampp\\htdocs\\web-news-1\\app\\Views\\page\\content.php', 8)
 2 SYSTEMPATH\View\View.php(228): include('C:\\xampp\\htdocs\\web-news-1\\app\\Views\\page\\content.php')
 3 SYSTEMPATH\View\View.php(231): CodeIgniter\View\View->CodeIgniter\View\{closure}()
 4 SYSTEMPATH\Common.php(1190): CodeIgniter\View\View->render('page/content', [], true)
 5 APPPATH\Views\page\wrapper.php(5): view('page/content')
 6 SYSTEMPATH\View\View.php(228): include('C:\\xampp\\htdocs\\web-news-1\\app\\Views\\page\\wrapper.php')
 7 SYSTEMPATH\View\View.php(231): CodeIgniter\View\View->CodeIgniter\View\{closure}()
 8 SYSTEMPATH\Common.php(1190): CodeIgniter\View\View->render('page/wrapper', [], true)
 9 APPPATH\Controllers\Home.php(72): view('page/wrapper', [...])
10 SYSTEMPATH\CodeIgniter.php(942): App\Controllers\Home->search()
11 SYSTEMPATH\CodeIgniter.php(502): CodeIgniter\CodeIgniter->runController(Object(App\Controllers\Home))
12 SYSTEMPATH\CodeIgniter.php(361): CodeIgniter\CodeIgniter->handleRequest(null, Object(Config\Cache), false)
13 FCPATH\index.php(79): CodeIgniter\CodeIgniter->run()
CRITICAL - 2023-11-21 14:19:07 --> Trying to access array offset on value of type null
in APPPATH\Views\page\content.php on line 8.
 1 APPPATH\Views\page\content.php(8): CodeIgniter\Debug\Exceptions->errorHandler(2, 'Trying to access array offset on value of type null', 'C:\\xampp\\htdocs\\web-news-1\\app\\Views\\page\\content.php', 8)
 2 SYSTEMPATH\View\View.php(228): include('C:\\xampp\\htdocs\\web-news-1\\app\\Views\\page\\content.php')
 3 SYSTEMPATH\View\View.php(231): CodeIgniter\View\View->CodeIgniter\View\{closure}()
 4 SYSTEMPATH\Common.php(1190): CodeIgniter\View\View->render('page/content', [], true)
 5 APPPATH\Views\page\wrapper.php(5): view('page/content')
 6 SYSTEMPATH\View\View.php(228): include('C:\\xampp\\htdocs\\web-news-1\\app\\Views\\page\\wrapper.php')
 7 SYSTEMPATH\View\View.php(231): CodeIgniter\View\View->CodeIgniter\View\{closure}()
 8 SYSTEMPATH\Common.php(1190): CodeIgniter\View\View->render('page/wrapper', [], true)
 9 APPPATH\Controllers\Home.php(72): view('page/wrapper', [...])
10 SYSTEMPATH\CodeIgniter.php(942): App\Controllers\Home->search()
11 SYSTEMPATH\CodeIgniter.php(502): CodeIgniter\CodeIgniter->runController(Object(App\Controllers\Home))
12 SYSTEMPATH\CodeIgniter.php(361): CodeIgniter\CodeIgniter->handleRequest(null, Object(Config\Cache), false)
13 FCPATH\index.php(79): CodeIgniter\CodeIgniter->run()
CRITICAL - 2023-11-21 14:19:13 --> Trying to access array offset on value of type null
in APPPATH\Views\page\content.php on line 8.
 1 APPPATH\Views\page\content.php(8): CodeIgniter\Debug\Exceptions->errorHandler(2, 'Trying to access array offset on value of type null', 'C:\\xampp\\htdocs\\web-news-1\\app\\Views\\page\\content.php', 8)
 2 SYSTEMPATH\View\View.php(228): include('C:\\xampp\\htdocs\\web-news-1\\app\\Views\\page\\content.php')
 3 SYSTEMPATH\View\View.php(231): CodeIgniter\View\View->CodeIgniter\View\{closure}()
 4 SYSTEMPATH\Common.php(1190): CodeIgniter\View\View->render('page/content', [], true)
 5 APPPATH\Views\page\wrapper.php(5): view('page/content')
 6 SYSTEMPATH\View\View.php(228): include('C:\\xampp\\htdocs\\web-news-1\\app\\Views\\page\\wrapper.php')
 7 SYSTEMPATH\View\View.php(231): CodeIgniter\View\View->CodeIgniter\View\{closure}()
 8 SYSTEMPATH\Common.php(1190): CodeIgniter\View\View->render('page/wrapper', [], true)
 9 APPPATH\Controllers\Home.php(72): view('page/wrapper', [...])
10 SYSTEMPATH\CodeIgniter.php(942): App\Controllers\Home->search()
11 SYSTEMPATH\CodeIgniter.php(502): CodeIgniter\CodeIgniter->runController(Object(App\Controllers\Home))
12 SYSTEMPATH\CodeIgniter.php(361): CodeIgniter\CodeIgniter->handleRequest(null, Object(Config\Cache), false)
13 FCPATH\index.php(79): CodeIgniter\CodeIgniter->run()
