CRITICAL - 2023-11-22 11:55:21 --> Trying to access array offset on value of type null
in APPPATH\Views\page\content.php on line 8.
 1 APPPATH\Views\page\content.php(8): CodeIgniter\Debug\Exceptions->errorHandler(2, 'Trying to access array offset on value of type null', 'C:\\xampp\\htdocs\\web-news-1\\app\\Views\\page\\content.php', 8)
 2 SYSTEMPATH\View\View.php(228): include('C:\\xampp\\htdocs\\web-news-1\\app\\Views\\page\\content.php')
 3 SYSTEMPATH\View\View.php(231): CodeIgniter\View\View->CodeIgniter\View\{closure}()
 4 SYSTEMPATH\Common.php(1190): CodeIgniter\View\View->render('page/content', [], true)
 5 APPPATH\Views\page\wrapper.php(5): view('page/content')
 6 SYSTEMPATH\View\View.php(228): include('C:\\xampp\\htdocs\\web-news-1\\app\\Views\\page\\wrapper.php')
 7 SYSTEMPATH\View\View.php(231): CodeIgniter\View\View->CodeIgniter\View\{closure}()
 8 SYSTEMPATH\Common.php(1190): CodeIgniter\View\View->render('page/wrapper', [], true)
 9 APPPATH\Controllers\Home.php(72): view('page/wrapper', [...])
10 SYSTEMPATH\CodeIgniter.php(942): App\Controllers\Home->search()
11 SYSTEMPATH\CodeIgniter.php(502): CodeIgniter\CodeIgniter->runController(Object(App\Controllers\Home))
12 SYSTEMPATH\CodeIgniter.php(361): CodeIgniter\CodeIgniter->handleRequest(null, Object(Config\Cache), false)
13 FCPATH\index.php(79): CodeIgniter\CodeIgniter->run()
CRITICAL - 2023-11-22 11:55:52 --> Trying to access array offset on value of type null
in APPPATH\Views\page\content.php on line 8.
 1 APPPATH\Views\page\content.php(8): CodeIgniter\Debug\Exceptions->errorHandler(2, 'Trying to access array offset on value of type null', 'C:\\xampp\\htdocs\\web-news-1\\app\\Views\\page\\content.php', 8)
 2 SYSTEMPATH\View\View.php(228): include('C:\\xampp\\htdocs\\web-news-1\\app\\Views\\page\\content.php')
 3 SYSTEMPATH\View\View.php(231): CodeIgniter\View\View->CodeIgniter\View\{closure}()
 4 SYSTEMPATH\Common.php(1190): CodeIgniter\View\View->render('page/content', [], true)
 5 APPPATH\Views\page\wrapper.php(5): view('page/content')
 6 SYSTEMPATH\View\View.php(228): include('C:\\xampp\\htdocs\\web-news-1\\app\\Views\\page\\wrapper.php')
 7 SYSTEMPATH\View\View.php(231): CodeIgniter\View\View->CodeIgniter\View\{closure}()
 8 SYSTEMPATH\Common.php(1190): CodeIgniter\View\View->render('page/wrapper', [], true)
 9 APPPATH\Controllers\Home.php(72): view('page/wrapper', [...])
10 SYSTEMPATH\CodeIgniter.php(942): App\Controllers\Home->search()
11 SYSTEMPATH\CodeIgniter.php(502): CodeIgniter\CodeIgniter->runController(Object(App\Controllers\Home))
12 SYSTEMPATH\CodeIgniter.php(361): CodeIgniter\CodeIgniter->handleRequest(null, Object(Config\Cache), false)
13 FCPATH\index.php(79): CodeIgniter\CodeIgniter->run()
CRITICAL - 2023-11-22 12:32:27 --> Undefined array key "code"
in APPPATH\Views\page\menu.php on line 29.
 1 APPPATH\Views\page\menu.php(29): CodeIgniter\Debug\Exceptions->errorHandler(2, 'Undefined array key "code"', 'C:\\xampp\\htdocs\\web-news-1\\app\\Views\\page\\menu.php', 29)
 2 SYSTEMPATH\View\View.php(228): include('C:\\xampp\\htdocs\\web-news-1\\app\\Views\\page\\menu.php')
 3 SYSTEMPATH\View\View.php(231): CodeIgniter\View\View->CodeIgniter\View\{closure}()
 4 SYSTEMPATH\Common.php(1190): CodeIgniter\View\View->render('page/menu', [], true)
 5 APPPATH\Views\page\wrapper.php(4): view('page/menu')
 6 SYSTEMPATH\View\View.php(228): include('C:\\xampp\\htdocs\\web-news-1\\app\\Views\\page\\wrapper.php')
 7 SYSTEMPATH\View\View.php(231): CodeIgniter\View\View->CodeIgniter\View\{closure}()
 8 SYSTEMPATH\Common.php(1190): CodeIgniter\View\View->render('page/wrapper', [], true)
 9 APPPATH\Controllers\Home.php(73): view('page/wrapper', [...])
10 SYSTEMPATH\CodeIgniter.php(942): App\Controllers\Home->search()
11 SYSTEMPATH\CodeIgniter.php(502): CodeIgniter\CodeIgniter->runController(Object(App\Controllers\Home))
12 SYSTEMPATH\CodeIgniter.php(361): CodeIgniter\CodeIgniter->handleRequest(null, Object(Config\Cache), false)
13 FCPATH\index.php(79): CodeIgniter\CodeIgniter->run()
CRITICAL - 2023-11-22 12:35:48 --> 22 : The requested URL returned error: 404
in SYSTEMPATH\HTTP\CURLRequest.php on line 693.
 1 SYSTEMPATH\HTTP\CURLRequest.php(693): CodeIgniter\HTTP\Exceptions\HTTPException::forCurlError('22', 'The requested URL returned error: 404')
 2 SYSTEMPATH\HTTP\CURLRequest.php(387): CodeIgniter\HTTP\CURLRequest->sendRequest([...])
 3 SYSTEMPATH\HTTP\CURLRequest.php(145): CodeIgniter\HTTP\CURLRequest->send('get', 'http://localhost/web-cms/public/articleapi/getarticlebycategoryCD-01')
 4 APPPATH\Controllers\Home.php(98): CodeIgniter\HTTP\CURLRequest->request('get', 'http://localhost/web-cms/public/articleapi/getarticlebycategoryCD-01', [...])
 5 SYSTEMPATH\CodeIgniter.php(942): App\Controllers\Home->search_by_category('CD-01', 'News')
 6 SYSTEMPATH\CodeIgniter.php(502): CodeIgniter\CodeIgniter->runController(Object(App\Controllers\Home))
 7 SYSTEMPATH\CodeIgniter.php(361): CodeIgniter\CodeIgniter->handleRequest(null, Object(Config\Cache), false)
 8 FCPATH\index.php(79): CodeIgniter\CodeIgniter->run()
CRITICAL - 2023-11-22 12:36:01 --> 22 : The requested URL returned error: 404
in SYSTEMPATH\HTTP\CURLRequest.php on line 693.
 1 SYSTEMPATH\HTTP\CURLRequest.php(693): CodeIgniter\HTTP\Exceptions\HTTPException::forCurlError('22', 'The requested URL returned error: 404')
 2 SYSTEMPATH\HTTP\CURLRequest.php(387): CodeIgniter\HTTP\CURLRequest->sendRequest([...])
 3 SYSTEMPATH\HTTP\CURLRequest.php(145): CodeIgniter\HTTP\CURLRequest->send('get', 'http://localhost/web-cms/public/articleapi/getarticlebycategoryCD-01')
 4 APPPATH\Controllers\Home.php(98): CodeIgniter\HTTP\CURLRequest->request('get', 'http://localhost/web-cms/public/articleapi/getarticlebycategoryCD-01', [...])
 5 SYSTEMPATH\CodeIgniter.php(942): App\Controllers\Home->search_by_category('CD-01', 'News')
 6 SYSTEMPATH\CodeIgniter.php(502): CodeIgniter\CodeIgniter->runController(Object(App\Controllers\Home))
 7 SYSTEMPATH\CodeIgniter.php(361): CodeIgniter\CodeIgniter->handleRequest(null, Object(Config\Cache), false)
 8 FCPATH\index.php(79): CodeIgniter\CodeIgniter->run()
CRITICAL - 2023-11-22 12:36:02 --> 22 : The requested URL returned error: 404
in SYSTEMPATH\HTTP\CURLRequest.php on line 693.
 1 SYSTEMPATH\HTTP\CURLRequest.php(693): CodeIgniter\HTTP\Exceptions\HTTPException::forCurlError('22', 'The requested URL returned error: 404')
 2 SYSTEMPATH\HTTP\CURLRequest.php(387): CodeIgniter\HTTP\CURLRequest->sendRequest([...])
 3 SYSTEMPATH\HTTP\CURLRequest.php(145): CodeIgniter\HTTP\CURLRequest->send('get', 'http://localhost/web-cms/public/articleapi/getarticlebycategoryCD-01')
 4 APPPATH\Controllers\Home.php(98): CodeIgniter\HTTP\CURLRequest->request('get', 'http://localhost/web-cms/public/articleapi/getarticlebycategoryCD-01', [...])
 5 SYSTEMPATH\CodeIgniter.php(942): App\Controllers\Home->search_by_category('CD-01', 'News')
 6 SYSTEMPATH\CodeIgniter.php(502): CodeIgniter\CodeIgniter->runController(Object(App\Controllers\Home))
 7 SYSTEMPATH\CodeIgniter.php(361): CodeIgniter\CodeIgniter->handleRequest(null, Object(Config\Cache), false)
 8 FCPATH\index.php(79): CodeIgniter\CodeIgniter->run()
CRITICAL - 2023-11-22 12:36:13 --> 22 : The requested URL returned error: 404
in SYSTEMPATH\HTTP\CURLRequest.php on line 693.
 1 SYSTEMPATH\HTTP\CURLRequest.php(693): CodeIgniter\HTTP\Exceptions\HTTPException::forCurlError('22', 'The requested URL returned error: 404')
 2 SYSTEMPATH\HTTP\CURLRequest.php(387): CodeIgniter\HTTP\CURLRequest->sendRequest([...])
 3 SYSTEMPATH\HTTP\CURLRequest.php(145): CodeIgniter\HTTP\CURLRequest->send('get', 'http://localhost/web-cms/public/articleapi/getarticlebycategoryCD-01')
 4 APPPATH\Controllers\Home.php(98): CodeIgniter\HTTP\CURLRequest->request('get', 'http://localhost/web-cms/public/articleapi/getarticlebycategoryCD-01', [...])
 5 SYSTEMPATH\CodeIgniter.php(942): App\Controllers\Home->search_by_category('CD-01', 'News')
 6 SYSTEMPATH\CodeIgniter.php(502): CodeIgniter\CodeIgniter->runController(Object(App\Controllers\Home))
 7 SYSTEMPATH\CodeIgniter.php(361): CodeIgniter\CodeIgniter->handleRequest(null, Object(Config\Cache), false)
 8 FCPATH\index.php(79): CodeIgniter\CodeIgniter->run()
CRITICAL - 2023-11-22 12:38:18 --> 22 : The requested URL returned error: 404
in SYSTEMPATH\HTTP\CURLRequest.php on line 693.
 1 SYSTEMPATH\HTTP\CURLRequest.php(693): CodeIgniter\HTTP\Exceptions\HTTPException::forCurlError('22', 'The requested URL returned error: 404')
 2 SYSTEMPATH\HTTP\CURLRequest.php(387): CodeIgniter\HTTP\CURLRequest->sendRequest([...])
 3 SYSTEMPATH\HTTP\CURLRequest.php(145): CodeIgniter\HTTP\CURLRequest->send('get', 'http://localhost/web-cms/public/articleapi/getarticlebycategoryCD-01')
 4 APPPATH\Controllers\Home.php(98): CodeIgniter\HTTP\CURLRequest->request('get', 'http://localhost/web-cms/public/articleapi/getarticlebycategoryCD-01', [...])
 5 SYSTEMPATH\CodeIgniter.php(942): App\Controllers\Home->category('CD-01', 'News')
 6 SYSTEMPATH\CodeIgniter.php(502): CodeIgniter\CodeIgniter->runController(Object(App\Controllers\Home))
 7 SYSTEMPATH\CodeIgniter.php(361): CodeIgniter\CodeIgniter->handleRequest(null, Object(Config\Cache), false)
 8 FCPATH\index.php(79): CodeIgniter\CodeIgniter->run()
CRITICAL - 2023-11-22 12:39:47 --> 22 : The requested URL returned error: 404
in SYSTEMPATH\HTTP\CURLRequest.php on line 693.
 1 SYSTEMPATH\HTTP\CURLRequest.php(693): CodeIgniter\HTTP\Exceptions\HTTPException::forCurlError('22', 'The requested URL returned error: 404')
 2 SYSTEMPATH\HTTP\CURLRequest.php(387): CodeIgniter\HTTP\CURLRequest->sendRequest([...])
 3 SYSTEMPATH\HTTP\CURLRequest.php(145): CodeIgniter\HTTP\CURLRequest->send('get', 'http://localhost/web-cms/public/articleapi/getarticlebycategoryCD-01')
 4 APPPATH\Controllers\Home.php(98): CodeIgniter\HTTP\CURLRequest->request('get', 'http://localhost/web-cms/public/articleapi/getarticlebycategoryCD-01', [...])
 5 SYSTEMPATH\CodeIgniter.php(942): App\Controllers\Home->category('CD-01', 'News')
 6 SYSTEMPATH\CodeIgniter.php(502): CodeIgniter\CodeIgniter->runController(Object(App\Controllers\Home))
 7 SYSTEMPATH\CodeIgniter.php(361): CodeIgniter\CodeIgniter->handleRequest(null, Object(Config\Cache), false)
 8 FCPATH\index.php(79): CodeIgniter\CodeIgniter->run()
CRITICAL - 2023-11-22 12:40:03 --> Undefined variable $category
in APPPATH\Views\page\menu.php on line 28.
 1 APPPATH\Views\page\menu.php(28): CodeIgniter\Debug\Exceptions->errorHandler(2, 'Undefined variable $category', 'C:\\xampp\\htdocs\\web-news-1\\app\\Views\\page\\menu.php', 28)
 2 SYSTEMPATH\View\View.php(228): include('C:\\xampp\\htdocs\\web-news-1\\app\\Views\\page\\menu.php')
 3 SYSTEMPATH\View\View.php(231): CodeIgniter\View\View->CodeIgniter\View\{closure}()
 4 SYSTEMPATH\Common.php(1190): CodeIgniter\View\View->render('page/menu', [], true)
 5 APPPATH\Views\page\wrapper.php(4): view('page/menu')
 6 SYSTEMPATH\View\View.php(228): include('C:\\xampp\\htdocs\\web-news-1\\app\\Views\\page\\wrapper.php')
 7 SYSTEMPATH\View\View.php(231): CodeIgniter\View\View->CodeIgniter\View\{closure}()
 8 SYSTEMPATH\Common.php(1190): CodeIgniter\View\View->render('page/wrapper', [], true)
 9 APPPATH\Controllers\Home.php(111): view('page/wrapper', [...])
10 SYSTEMPATH\CodeIgniter.php(942): App\Controllers\Home->category('CD-01', 'News')
11 SYSTEMPATH\CodeIgniter.php(502): CodeIgniter\CodeIgniter->runController(Object(App\Controllers\Home))
12 SYSTEMPATH\CodeIgniter.php(361): CodeIgniter\CodeIgniter->handleRequest(null, Object(Config\Cache), false)
13 FCPATH\index.php(79): CodeIgniter\CodeIgniter->run()
CRITICAL - 2023-11-22 12:40:26 --> Undefined variable $category
in APPPATH\Views\page\menu.php on line 28.
 1 APPPATH\Views\page\menu.php(28): CodeIgniter\Debug\Exceptions->errorHandler(2, 'Undefined variable $category', 'C:\\xampp\\htdocs\\web-news-1\\app\\Views\\page\\menu.php', 28)
 2 SYSTEMPATH\View\View.php(228): include('C:\\xampp\\htdocs\\web-news-1\\app\\Views\\page\\menu.php')
 3 SYSTEMPATH\View\View.php(231): CodeIgniter\View\View->CodeIgniter\View\{closure}()
 4 SYSTEMPATH\Common.php(1190): CodeIgniter\View\View->render('page/menu', [], true)
 5 APPPATH\Views\page\wrapper.php(4): view('page/menu')
 6 SYSTEMPATH\View\View.php(228): include('C:\\xampp\\htdocs\\web-news-1\\app\\Views\\page\\wrapper.php')
 7 SYSTEMPATH\View\View.php(231): CodeIgniter\View\View->CodeIgniter\View\{closure}()
 8 SYSTEMPATH\Common.php(1190): CodeIgniter\View\View->render('page/wrapper', [], true)
 9 APPPATH\Controllers\Home.php(111): view('page/wrapper', [...])
10 SYSTEMPATH\CodeIgniter.php(942): App\Controllers\Home->category('CD-01', 'News')
11 SYSTEMPATH\CodeIgniter.php(502): CodeIgniter\CodeIgniter->runController(Object(App\Controllers\Home))
12 SYSTEMPATH\CodeIgniter.php(361): CodeIgniter\CodeIgniter->handleRequest(null, Object(Config\Cache), false)
13 FCPATH\index.php(79): CodeIgniter\CodeIgniter->run()
CRITICAL - 2023-11-22 12:40:29 --> Undefined variable $category
in APPPATH\Views\page\menu.php on line 28.
 1 APPPATH\Views\page\menu.php(28): CodeIgniter\Debug\Exceptions->errorHandler(2, 'Undefined variable $category', 'C:\\xampp\\htdocs\\web-news-1\\app\\Views\\page\\menu.php', 28)
 2 SYSTEMPATH\View\View.php(228): include('C:\\xampp\\htdocs\\web-news-1\\app\\Views\\page\\menu.php')
 3 SYSTEMPATH\View\View.php(231): CodeIgniter\View\View->CodeIgniter\View\{closure}()
 4 SYSTEMPATH\Common.php(1190): CodeIgniter\View\View->render('page/menu', [], true)
 5 APPPATH\Views\page\wrapper.php(4): view('page/menu')
 6 SYSTEMPATH\View\View.php(228): include('C:\\xampp\\htdocs\\web-news-1\\app\\Views\\page\\wrapper.php')
 7 SYSTEMPATH\View\View.php(231): CodeIgniter\View\View->CodeIgniter\View\{closure}()
 8 SYSTEMPATH\Common.php(1190): CodeIgniter\View\View->render('page/wrapper', [], true)
 9 APPPATH\Controllers\Home.php(111): view('page/wrapper', [...])
10 SYSTEMPATH\CodeIgniter.php(942): App\Controllers\Home->category('CD-01', 'News')
11 SYSTEMPATH\CodeIgniter.php(502): CodeIgniter\CodeIgniter->runController(Object(App\Controllers\Home))
12 SYSTEMPATH\CodeIgniter.php(361): CodeIgniter\CodeIgniter->handleRequest(null, Object(Config\Cache), false)
13 FCPATH\index.php(79): CodeIgniter\CodeIgniter->run()
CRITICAL - 2023-11-22 12:41:46 --> Undefined variable $keyword
in APPPATH\Views\page\content.php on line 6.
 1 APPPATH\Views\page\content.php(6): CodeIgniter\Debug\Exceptions->errorHandler(2, 'Undefined variable $keyword', 'C:\\xampp\\htdocs\\web-news-1\\app\\Views\\page\\content.php', 6)
 2 SYSTEMPATH\View\View.php(228): include('C:\\xampp\\htdocs\\web-news-1\\app\\Views\\page\\content.php')
 3 SYSTEMPATH\View\View.php(231): CodeIgniter\View\View->CodeIgniter\View\{closure}()
 4 SYSTEMPATH\Common.php(1190): CodeIgniter\View\View->render('page/content', [], true)
 5 APPPATH\Views\page\wrapper.php(5): view('page/content')
 6 SYSTEMPATH\View\View.php(228): include('C:\\xampp\\htdocs\\web-news-1\\app\\Views\\page\\wrapper.php')
 7 SYSTEMPATH\View\View.php(231): CodeIgniter\View\View->CodeIgniter\View\{closure}()
 8 SYSTEMPATH\Common.php(1190): CodeIgniter\View\View->render('page/wrapper', [], true)
 9 APPPATH\Controllers\Home.php(120): view('page/wrapper', [...])
10 SYSTEMPATH\CodeIgniter.php(942): App\Controllers\Home->category('CD-01', 'News')
11 SYSTEMPATH\CodeIgniter.php(502): CodeIgniter\CodeIgniter->runController(Object(App\Controllers\Home))
12 SYSTEMPATH\CodeIgniter.php(361): CodeIgniter\CodeIgniter->handleRequest(null, Object(Config\Cache), false)
13 FCPATH\index.php(79): CodeIgniter\CodeIgniter->run()
CRITICAL - 2023-11-22 12:50:35 --> Undefined variable $category_name
in APPPATH\Views\page\content.php on line 9.
 1 APPPATH\Views\page\content.php(9): CodeIgniter\Debug\Exceptions->errorHandler(2, 'Undefined variable $category_name', 'C:\\xampp\\htdocs\\web-news-1\\app\\Views\\page\\content.php', 9)
 2 SYSTEMPATH\View\View.php(228): include('C:\\xampp\\htdocs\\web-news-1\\app\\Views\\page\\content.php')
 3 SYSTEMPATH\View\View.php(231): CodeIgniter\View\View->CodeIgniter\View\{closure}()
 4 SYSTEMPATH\Common.php(1190): CodeIgniter\View\View->render('page/content', [], true)
 5 APPPATH\Views\page\wrapper.php(5): view('page/content')
 6 SYSTEMPATH\View\View.php(228): include('C:\\xampp\\htdocs\\web-news-1\\app\\Views\\page\\wrapper.php')
 7 SYSTEMPATH\View\View.php(231): CodeIgniter\View\View->CodeIgniter\View\{closure}()
 8 SYSTEMPATH\Common.php(1190): CodeIgniter\View\View->render('page/wrapper', [], true)
 9 APPPATH\Controllers\Home.php(73): view('page/wrapper', [...])
10 SYSTEMPATH\CodeIgniter.php(942): App\Controllers\Home->search()
11 SYSTEMPATH\CodeIgniter.php(502): CodeIgniter\CodeIgniter->runController(Object(App\Controllers\Home))
12 SYSTEMPATH\CodeIgniter.php(361): CodeIgniter\CodeIgniter->handleRequest(null, Object(Config\Cache), false)
13 FCPATH\index.php(79): CodeIgniter\CodeIgniter->run()
CRITICAL - 2023-11-22 12:52:36 --> Trying to access array offset on value of type null
in APPPATH\Views\page\content.php on line 8.
 1 APPPATH\Views\page\content.php(8): CodeIgniter\Debug\Exceptions->errorHandler(2, 'Trying to access array offset on value of type null', 'C:\\xampp\\htdocs\\web-news-1\\app\\Views\\page\\content.php', 8)
 2 SYSTEMPATH\View\View.php(228): include('C:\\xampp\\htdocs\\web-news-1\\app\\Views\\page\\content.php')
 3 SYSTEMPATH\View\View.php(231): CodeIgniter\View\View->CodeIgniter\View\{closure}()
 4 SYSTEMPATH\Common.php(1190): CodeIgniter\View\View->render('page/content', [], true)
 5 APPPATH\Views\page\wrapper.php(5): view('page/content')
 6 SYSTEMPATH\View\View.php(228): include('C:\\xampp\\htdocs\\web-news-1\\app\\Views\\page\\wrapper.php')
 7 SYSTEMPATH\View\View.php(231): CodeIgniter\View\View->CodeIgniter\View\{closure}()
 8 SYSTEMPATH\Common.php(1190): CodeIgniter\View\View->render('page/wrapper', [], true)
 9 APPPATH\Controllers\Home.php(73): view('page/wrapper', [...])
10 SYSTEMPATH\CodeIgniter.php(942): App\Controllers\Home->search()
11 SYSTEMPATH\CodeIgniter.php(502): CodeIgniter\CodeIgniter->runController(Object(App\Controllers\Home))
12 SYSTEMPATH\CodeIgniter.php(361): CodeIgniter\CodeIgniter->handleRequest(null, Object(Config\Cache), false)
13 FCPATH\index.php(79): CodeIgniter\CodeIgniter->run()
CRITICAL - 2023-11-22 13:18:19 --> Undefined variable $category_name
in APPPATH\Views\page\content.php on line 9.
 1 APPPATH\Views\page\content.php(9): CodeIgniter\Debug\Exceptions->errorHandler(2, 'Undefined variable $category_name', 'C:\\xampp\\htdocs\\web-news-1\\app\\Views\\page\\content.php', 9)
 2 SYSTEMPATH\View\View.php(228): include('C:\\xampp\\htdocs\\web-news-1\\app\\Views\\page\\content.php')
 3 SYSTEMPATH\View\View.php(231): CodeIgniter\View\View->CodeIgniter\View\{closure}()
 4 SYSTEMPATH\Common.php(1190): CodeIgniter\View\View->render('page/content', [], true)
 5 APPPATH\Views\page\wrapper.php(5): view('page/content')
 6 SYSTEMPATH\View\View.php(228): include('C:\\xampp\\htdocs\\web-news-1\\app\\Views\\page\\wrapper.php')
 7 SYSTEMPATH\View\View.php(231): CodeIgniter\View\View->CodeIgniter\View\{closure}()
 8 SYSTEMPATH\Common.php(1190): CodeIgniter\View\View->render('page/wrapper', [], true)
 9 APPPATH\Controllers\Home.php(73): view('page/wrapper', [...])
10 SYSTEMPATH\CodeIgniter.php(942): App\Controllers\Home->search()
11 SYSTEMPATH\CodeIgniter.php(502): CodeIgniter\CodeIgniter->runController(Object(App\Controllers\Home))
12 SYSTEMPATH\CodeIgniter.php(361): CodeIgniter\CodeIgniter->handleRequest(null, Object(Config\Cache), false)
13 FCPATH\index.php(79): CodeIgniter\CodeIgniter->run()
