CRITICAL - 2023-11-17 12:36:34 --> Cannot access offset of type string on string
in APPPATH\Views\home\recomendation_news.php on line 15.
 1 SYSTEMPATH\View\View.php(228): include()
 2 SYSTEMPATH\View\View.php(231): CodeIgniter\View\View->CodeIgniter\View\{closure}()
 3 SYSTEMPATH\Common.php(1190): CodeIgniter\View\View->render('home/recomendation_news', [], true)
 4 APPPATH\Views\home\wrapper.php(6): view('home/recomendation_news')
 5 SYSTEMPATH\View\View.php(228): include('C:\\xampp\\htdocs\\web-news-1\\app\\Views\\home\\wrapper.php')
 6 SYSTEMPATH\View\View.php(231): CodeIgniter\View\View->CodeIgniter\View\{closure}()
 7 SYSTEMPATH\Common.php(1190): CodeIgniter\View\View->render('home/wrapper', [], true)
 8 APPPATH\Controllers\Home.php(22): view('home/wrapper', [...])
 9 SYSTEMPATH\CodeIgniter.php(942): App\Controllers\Home->index()
10 SYSTEMPATH\CodeIgniter.php(502): CodeIgniter\CodeIgniter->runController(Object(App\Controllers\Home))
11 SYSTEMPATH\CodeIgniter.php(361): CodeIgniter\CodeIgniter->handleRequest(null, Object(Config\Cache), false)
12 FCPATH\index.php(79): CodeIgniter\CodeIgniter->run()
CRITICAL - 2023-11-17 12:36:40 --> Cannot access offset of type string on string
in APPPATH\Views\home\recomendation_news.php on line 15.
 1 SYSTEMPATH\View\View.php(228): include()
 2 SYSTEMPATH\View\View.php(231): CodeIgniter\View\View->CodeIgniter\View\{closure}()
 3 SYSTEMPATH\Common.php(1190): CodeIgniter\View\View->render('home/recomendation_news', [], true)
 4 APPPATH\Views\home\wrapper.php(6): view('home/recomendation_news')
 5 SYSTEMPATH\View\View.php(228): include('C:\\xampp\\htdocs\\web-news-1\\app\\Views\\home\\wrapper.php')
 6 SYSTEMPATH\View\View.php(231): CodeIgniter\View\View->CodeIgniter\View\{closure}()
 7 SYSTEMPATH\Common.php(1190): CodeIgniter\View\View->render('home/wrapper', [], true)
 8 APPPATH\Controllers\Home.php(22): view('home/wrapper', [...])
 9 SYSTEMPATH\CodeIgniter.php(942): App\Controllers\Home->index()
10 SYSTEMPATH\CodeIgniter.php(502): CodeIgniter\CodeIgniter->runController(Object(App\Controllers\Home))
11 SYSTEMPATH\CodeIgniter.php(361): CodeIgniter\CodeIgniter->handleRequest(null, Object(Config\Cache), false)
12 FCPATH\index.php(79): CodeIgniter\CodeIgniter->run()
CRITICAL - 2023-11-17 12:37:52 --> Cannot access offset of type string on string
in APPPATH\Views\home\recomendation_news.php on line 15.
 1 SYSTEMPATH\View\View.php(228): include()
 2 SYSTEMPATH\View\View.php(231): CodeIgniter\View\View->CodeIgniter\View\{closure}()
 3 SYSTEMPATH\Common.php(1190): CodeIgniter\View\View->render('home/recomendation_news', [], true)
 4 APPPATH\Views\home\wrapper.php(6): view('home/recomendation_news')
 5 SYSTEMPATH\View\View.php(228): include('C:\\xampp\\htdocs\\web-news-1\\app\\Views\\home\\wrapper.php')
 6 SYSTEMPATH\View\View.php(231): CodeIgniter\View\View->CodeIgniter\View\{closure}()
 7 SYSTEMPATH\Common.php(1190): CodeIgniter\View\View->render('home/wrapper', [], true)
 8 APPPATH\Controllers\Home.php(22): view('home/wrapper', [...])
 9 SYSTEMPATH\CodeIgniter.php(942): App\Controllers\Home->index()
10 SYSTEMPATH\CodeIgniter.php(502): CodeIgniter\CodeIgniter->runController(Object(App\Controllers\Home))
11 SYSTEMPATH\CodeIgniter.php(361): CodeIgniter\CodeIgniter->handleRequest(null, Object(Config\Cache), false)
12 FCPATH\index.php(79): CodeIgniter\CodeIgniter->run()
CRITICAL - 2023-11-17 12:38:10 --> Cannot access offset of type string on string
in APPPATH\Views\home\recomendation_news.php on line 15.
 1 SYSTEMPATH\View\View.php(228): include()
 2 SYSTEMPATH\View\View.php(231): CodeIgniter\View\View->CodeIgniter\View\{closure}()
 3 SYSTEMPATH\Common.php(1190): CodeIgniter\View\View->render('home/recomendation_news', [], true)
 4 APPPATH\Views\home\wrapper.php(6): view('home/recomendation_news')
 5 SYSTEMPATH\View\View.php(228): include('C:\\xampp\\htdocs\\web-news-1\\app\\Views\\home\\wrapper.php')
 6 SYSTEMPATH\View\View.php(231): CodeIgniter\View\View->CodeIgniter\View\{closure}()
 7 SYSTEMPATH\Common.php(1190): CodeIgniter\View\View->render('home/wrapper', [], true)
 8 APPPATH\Controllers\Home.php(22): view('home/wrapper', [...])
 9 SYSTEMPATH\CodeIgniter.php(942): App\Controllers\Home->index()
10 SYSTEMPATH\CodeIgniter.php(502): CodeIgniter\CodeIgniter->runController(Object(App\Controllers\Home))
11 SYSTEMPATH\CodeIgniter.php(361): CodeIgniter\CodeIgniter->handleRequest(null, Object(Config\Cache), false)
12 FCPATH\index.php(79): CodeIgniter\CodeIgniter->run()
CRITICAL - 2023-11-17 12:38:11 --> Cannot access offset of type string on string
in APPPATH\Views\home\recomendation_news.php on line 15.
 1 SYSTEMPATH\View\View.php(228): include()
 2 SYSTEMPATH\View\View.php(231): CodeIgniter\View\View->CodeIgniter\View\{closure}()
 3 SYSTEMPATH\Common.php(1190): CodeIgniter\View\View->render('home/recomendation_news', [], true)
 4 APPPATH\Views\home\wrapper.php(6): view('home/recomendation_news')
 5 SYSTEMPATH\View\View.php(228): include('C:\\xampp\\htdocs\\web-news-1\\app\\Views\\home\\wrapper.php')
 6 SYSTEMPATH\View\View.php(231): CodeIgniter\View\View->CodeIgniter\View\{closure}()
 7 SYSTEMPATH\Common.php(1190): CodeIgniter\View\View->render('home/wrapper', [], true)
 8 APPPATH\Controllers\Home.php(22): view('home/wrapper', [...])
 9 SYSTEMPATH\CodeIgniter.php(942): App\Controllers\Home->index()
10 SYSTEMPATH\CodeIgniter.php(502): CodeIgniter\CodeIgniter->runController(Object(App\Controllers\Home))
11 SYSTEMPATH\CodeIgniter.php(361): CodeIgniter\CodeIgniter->handleRequest(null, Object(Config\Cache), false)
12 FCPATH\index.php(79): CodeIgniter\CodeIgniter->run()
CRITICAL - 2023-11-17 12:38:50 --> Cannot access offset of type string on string
in APPPATH\Views\home\recomendation_news.php on line 15.
 1 SYSTEMPATH\View\View.php(228): include()
 2 SYSTEMPATH\View\View.php(231): CodeIgniter\View\View->CodeIgniter\View\{closure}()
 3 SYSTEMPATH\Common.php(1190): CodeIgniter\View\View->render('home/recomendation_news', [], true)
 4 APPPATH\Views\home\wrapper.php(6): view('home/recomendation_news')
 5 SYSTEMPATH\View\View.php(228): include('C:\\xampp\\htdocs\\web-news-1\\app\\Views\\home\\wrapper.php')
 6 SYSTEMPATH\View\View.php(231): CodeIgniter\View\View->CodeIgniter\View\{closure}()
 7 SYSTEMPATH\Common.php(1190): CodeIgniter\View\View->render('home/wrapper', [], true)
 8 APPPATH\Controllers\Home.php(23): view('home/wrapper', [...])
 9 SYSTEMPATH\CodeIgniter.php(942): App\Controllers\Home->index()
10 SYSTEMPATH\CodeIgniter.php(502): CodeIgniter\CodeIgniter->runController(Object(App\Controllers\Home))
11 SYSTEMPATH\CodeIgniter.php(361): CodeIgniter\CodeIgniter->handleRequest(null, Object(Config\Cache), false)
12 FCPATH\index.php(79): CodeIgniter\CodeIgniter->run()
CRITICAL - 2023-11-17 12:38:52 --> Cannot access offset of type string on string
in APPPATH\Views\home\recomendation_news.php on line 15.
 1 SYSTEMPATH\View\View.php(228): include()
 2 SYSTEMPATH\View\View.php(231): CodeIgniter\View\View->CodeIgniter\View\{closure}()
 3 SYSTEMPATH\Common.php(1190): CodeIgniter\View\View->render('home/recomendation_news', [], true)
 4 APPPATH\Views\home\wrapper.php(6): view('home/recomendation_news')
 5 SYSTEMPATH\View\View.php(228): include('C:\\xampp\\htdocs\\web-news-1\\app\\Views\\home\\wrapper.php')
 6 SYSTEMPATH\View\View.php(231): CodeIgniter\View\View->CodeIgniter\View\{closure}()
 7 SYSTEMPATH\Common.php(1190): CodeIgniter\View\View->render('home/wrapper', [], true)
 8 APPPATH\Controllers\Home.php(23): view('home/wrapper', [...])
 9 SYSTEMPATH\CodeIgniter.php(942): App\Controllers\Home->index()
10 SYSTEMPATH\CodeIgniter.php(502): CodeIgniter\CodeIgniter->runController(Object(App\Controllers\Home))
11 SYSTEMPATH\CodeIgniter.php(361): CodeIgniter\CodeIgniter->handleRequest(null, Object(Config\Cache), false)
12 FCPATH\index.php(79): CodeIgniter\CodeIgniter->run()
CRITICAL - 2023-11-17 12:39:28 --> Cannot access offset of type string on string
in APPPATH\Views\home\recomendation_news.php on line 15.
 1 SYSTEMPATH\View\View.php(228): include()
 2 SYSTEMPATH\View\View.php(231): CodeIgniter\View\View->CodeIgniter\View\{closure}()
 3 SYSTEMPATH\Common.php(1190): CodeIgniter\View\View->render('home/recomendation_news', [], true)
 4 APPPATH\Views\home\wrapper.php(6): view('home/recomendation_news')
 5 SYSTEMPATH\View\View.php(228): include('C:\\xampp\\htdocs\\web-news-1\\app\\Views\\home\\wrapper.php')
 6 SYSTEMPATH\View\View.php(231): CodeIgniter\View\View->CodeIgniter\View\{closure}()
 7 SYSTEMPATH\Common.php(1190): CodeIgniter\View\View->render('home/wrapper', [], true)
 8 APPPATH\Controllers\Home.php(23): view('home/wrapper', [...])
 9 SYSTEMPATH\CodeIgniter.php(942): App\Controllers\Home->index()
10 SYSTEMPATH\CodeIgniter.php(502): CodeIgniter\CodeIgniter->runController(Object(App\Controllers\Home))
11 SYSTEMPATH\CodeIgniter.php(361): CodeIgniter\CodeIgniter->handleRequest(null, Object(Config\Cache), false)
12 FCPATH\index.php(79): CodeIgniter\CodeIgniter->run()
CRITICAL - 2023-11-17 12:40:40 --> Cannot access offset of type string on string
in APPPATH\Views\home\recomendation_news.php on line 14.
 1 SYSTEMPATH\View\View.php(228): include()
 2 SYSTEMPATH\View\View.php(231): CodeIgniter\View\View->CodeIgniter\View\{closure}()
 3 SYSTEMPATH\Common.php(1190): CodeIgniter\View\View->render('home/recomendation_news', [], true)
 4 APPPATH\Views\home\wrapper.php(6): view('home/recomendation_news')
 5 SYSTEMPATH\View\View.php(228): include('C:\\xampp\\htdocs\\web-news-1\\app\\Views\\home\\wrapper.php')
 6 SYSTEMPATH\View\View.php(231): CodeIgniter\View\View->CodeIgniter\View\{closure}()
 7 SYSTEMPATH\Common.php(1190): CodeIgniter\View\View->render('home/wrapper', [], true)
 8 APPPATH\Controllers\Home.php(23): view('home/wrapper', [...])
 9 SYSTEMPATH\CodeIgniter.php(942): App\Controllers\Home->index()
10 SYSTEMPATH\CodeIgniter.php(502): CodeIgniter\CodeIgniter->runController(Object(App\Controllers\Home))
11 SYSTEMPATH\CodeIgniter.php(361): CodeIgniter\CodeIgniter->handleRequest(null, Object(Config\Cache), false)
12 FCPATH\index.php(79): CodeIgniter\CodeIgniter->run()
CRITICAL - 2023-11-17 12:40:41 --> Cannot access offset of type string on string
in APPPATH\Views\home\recomendation_news.php on line 14.
 1 SYSTEMPATH\View\View.php(228): include()
 2 SYSTEMPATH\View\View.php(231): CodeIgniter\View\View->CodeIgniter\View\{closure}()
 3 SYSTEMPATH\Common.php(1190): CodeIgniter\View\View->render('home/recomendation_news', [], true)
 4 APPPATH\Views\home\wrapper.php(6): view('home/recomendation_news')
 5 SYSTEMPATH\View\View.php(228): include('C:\\xampp\\htdocs\\web-news-1\\app\\Views\\home\\wrapper.php')
 6 SYSTEMPATH\View\View.php(231): CodeIgniter\View\View->CodeIgniter\View\{closure}()
 7 SYSTEMPATH\Common.php(1190): CodeIgniter\View\View->render('home/wrapper', [], true)
 8 APPPATH\Controllers\Home.php(23): view('home/wrapper', [...])
 9 SYSTEMPATH\CodeIgniter.php(942): App\Controllers\Home->index()
10 SYSTEMPATH\CodeIgniter.php(502): CodeIgniter\CodeIgniter->runController(Object(App\Controllers\Home))
11 SYSTEMPATH\CodeIgniter.php(361): CodeIgniter\CodeIgniter->handleRequest(null, Object(Config\Cache), false)
12 FCPATH\index.php(79): CodeIgniter\CodeIgniter->run()
CRITICAL - 2023-11-17 12:40:41 --> Cannot access offset of type string on string
in APPPATH\Views\home\recomendation_news.php on line 14.
 1 SYSTEMPATH\View\View.php(228): include()
 2 SYSTEMPATH\View\View.php(231): CodeIgniter\View\View->CodeIgniter\View\{closure}()
 3 SYSTEMPATH\Common.php(1190): CodeIgniter\View\View->render('home/recomendation_news', [], true)
 4 APPPATH\Views\home\wrapper.php(6): view('home/recomendation_news')
 5 SYSTEMPATH\View\View.php(228): include('C:\\xampp\\htdocs\\web-news-1\\app\\Views\\home\\wrapper.php')
 6 SYSTEMPATH\View\View.php(231): CodeIgniter\View\View->CodeIgniter\View\{closure}()
 7 SYSTEMPATH\Common.php(1190): CodeIgniter\View\View->render('home/wrapper', [], true)
 8 APPPATH\Controllers\Home.php(23): view('home/wrapper', [...])
 9 SYSTEMPATH\CodeIgniter.php(942): App\Controllers\Home->index()
10 SYSTEMPATH\CodeIgniter.php(502): CodeIgniter\CodeIgniter->runController(Object(App\Controllers\Home))
11 SYSTEMPATH\CodeIgniter.php(361): CodeIgniter\CodeIgniter->handleRequest(null, Object(Config\Cache), false)
12 FCPATH\index.php(79): CodeIgniter\CodeIgniter->run()
CRITICAL - 2023-11-17 12:42:00 --> Cannot access offset of type string on string
in APPPATH\Views\home\recomendation_news.php on line 14.
 1 SYSTEMPATH\View\View.php(228): include()
 2 SYSTEMPATH\View\View.php(231): CodeIgniter\View\View->CodeIgniter\View\{closure}()
 3 SYSTEMPATH\Common.php(1190): CodeIgniter\View\View->render('home/recomendation_news', [], true)
 4 APPPATH\Views\home\wrapper.php(6): view('home/recomendation_news')
 5 SYSTEMPATH\View\View.php(228): include('C:\\xampp\\htdocs\\web-news-1\\app\\Views\\home\\wrapper.php')
 6 SYSTEMPATH\View\View.php(231): CodeIgniter\View\View->CodeIgniter\View\{closure}()
 7 SYSTEMPATH\Common.php(1190): CodeIgniter\View\View->render('home/wrapper', [], true)
 8 APPPATH\Controllers\Home.php(23): view('home/wrapper', [...])
 9 SYSTEMPATH\CodeIgniter.php(942): App\Controllers\Home->index()
10 SYSTEMPATH\CodeIgniter.php(502): CodeIgniter\CodeIgniter->runController(Object(App\Controllers\Home))
11 SYSTEMPATH\CodeIgniter.php(361): CodeIgniter\CodeIgniter->handleRequest(null, Object(Config\Cache), false)
12 FCPATH\index.php(79): CodeIgniter\CodeIgniter->run()
CRITICAL - 2023-11-17 12:42:08 --> Cannot access offset of type string on string
in APPPATH\Views\home\recomendation_news.php on line 14.
 1 SYSTEMPATH\View\View.php(228): include()
 2 SYSTEMPATH\View\View.php(231): CodeIgniter\View\View->CodeIgniter\View\{closure}()
 3 SYSTEMPATH\Common.php(1190): CodeIgniter\View\View->render('home/recomendation_news', [], true)
 4 APPPATH\Views\home\wrapper.php(6): view('home/recomendation_news')
 5 SYSTEMPATH\View\View.php(228): include('C:\\xampp\\htdocs\\web-news-1\\app\\Views\\home\\wrapper.php')
 6 SYSTEMPATH\View\View.php(231): CodeIgniter\View\View->CodeIgniter\View\{closure}()
 7 SYSTEMPATH\Common.php(1190): CodeIgniter\View\View->render('home/wrapper', [], true)
 8 APPPATH\Controllers\Home.php(23): view('home/wrapper', [...])
 9 SYSTEMPATH\CodeIgniter.php(942): App\Controllers\Home->index()
10 SYSTEMPATH\CodeIgniter.php(502): CodeIgniter\CodeIgniter->runController(Object(App\Controllers\Home))
11 SYSTEMPATH\CodeIgniter.php(361): CodeIgniter\CodeIgniter->handleRequest(null, Object(Config\Cache), false)
12 FCPATH\index.php(79): CodeIgniter\CodeIgniter->run()
CRITICAL - 2023-11-17 12:42:11 --> Cannot access offset of type string on string
in APPPATH\Views\home\recomendation_news.php on line 14.
 1 SYSTEMPATH\View\View.php(228): include()
 2 SYSTEMPATH\View\View.php(231): CodeIgniter\View\View->CodeIgniter\View\{closure}()
 3 SYSTEMPATH\Common.php(1190): CodeIgniter\View\View->render('home/recomendation_news', [], true)
 4 APPPATH\Views\home\wrapper.php(6): view('home/recomendation_news')
 5 SYSTEMPATH\View\View.php(228): include('C:\\xampp\\htdocs\\web-news-1\\app\\Views\\home\\wrapper.php')
 6 SYSTEMPATH\View\View.php(231): CodeIgniter\View\View->CodeIgniter\View\{closure}()
 7 SYSTEMPATH\Common.php(1190): CodeIgniter\View\View->render('home/wrapper', [], true)
 8 APPPATH\Controllers\Home.php(23): view('home/wrapper', [...])
 9 SYSTEMPATH\CodeIgniter.php(942): App\Controllers\Home->index()
10 SYSTEMPATH\CodeIgniter.php(502): CodeIgniter\CodeIgniter->runController(Object(App\Controllers\Home))
11 SYSTEMPATH\CodeIgniter.php(361): CodeIgniter\CodeIgniter->handleRequest(null, Object(Config\Cache), false)
12 FCPATH\index.php(79): CodeIgniter\CodeIgniter->run()
CRITICAL - 2023-11-17 12:45:07 --> A non-numeric value encountered
in APPPATH\Views\home\recomendation_news.php on line 27.
 1 APPPATH\Views\home\recomendation_news.php(27): CodeIgniter\Debug\Exceptions->errorHandler(2, 'A non-numeric value encountered', 'C:\\xampp\\htdocs\\web-news-1\\app\\Views\\home\\recomendation_news.php', 27)
 2 SYSTEMPATH\View\View.php(228): include('C:\\xampp\\htdocs\\web-news-1\\app\\Views\\home\\recomendation_news.php')
 3 SYSTEMPATH\View\View.php(231): CodeIgniter\View\View->CodeIgniter\View\{closure}()
 4 SYSTEMPATH\Common.php(1190): CodeIgniter\View\View->render('home/recomendation_news', [], true)
 5 APPPATH\Views\home\wrapper.php(6): view('home/recomendation_news')
 6 SYSTEMPATH\View\View.php(228): include('C:\\xampp\\htdocs\\web-news-1\\app\\Views\\home\\wrapper.php')
 7 SYSTEMPATH\View\View.php(231): CodeIgniter\View\View->CodeIgniter\View\{closure}()
 8 SYSTEMPATH\Common.php(1190): CodeIgniter\View\View->render('home/wrapper', [], true)
 9 APPPATH\Controllers\Home.php(22): view('home/wrapper', [...])
10 SYSTEMPATH\CodeIgniter.php(942): App\Controllers\Home->index()
11 SYSTEMPATH\CodeIgniter.php(502): CodeIgniter\CodeIgniter->runController(Object(App\Controllers\Home))
12 SYSTEMPATH\CodeIgniter.php(361): CodeIgniter\CodeIgniter->handleRequest(null, Object(Config\Cache), false)
13 FCPATH\index.php(79): CodeIgniter\CodeIgniter->run()
CRITICAL - 2023-11-17 12:45:07 --> A non-numeric value encountered
in APPPATH\Views\home\recomendation_news.php on line 27.
 1 APPPATH\Views\home\recomendation_news.php(27): CodeIgniter\Debug\Exceptions->errorHandler(2, 'A non-numeric value encountered', 'C:\\xampp\\htdocs\\web-news-1\\app\\Views\\home\\recomendation_news.php', 27)
 2 SYSTEMPATH\View\View.php(228): include('C:\\xampp\\htdocs\\web-news-1\\app\\Views\\home\\recomendation_news.php')
 3 SYSTEMPATH\View\View.php(231): CodeIgniter\View\View->CodeIgniter\View\{closure}()
 4 SYSTEMPATH\Common.php(1190): CodeIgniter\View\View->render('home/recomendation_news', [], true)
 5 APPPATH\Views\home\wrapper.php(6): view('home/recomendation_news')
 6 SYSTEMPATH\View\View.php(228): include('C:\\xampp\\htdocs\\web-news-1\\app\\Views\\home\\wrapper.php')
 7 SYSTEMPATH\View\View.php(231): CodeIgniter\View\View->CodeIgniter\View\{closure}()
 8 SYSTEMPATH\Common.php(1190): CodeIgniter\View\View->render('home/wrapper', [], true)
 9 APPPATH\Controllers\Home.php(22): view('home/wrapper', [...])
10 SYSTEMPATH\CodeIgniter.php(942): App\Controllers\Home->index()
11 SYSTEMPATH\CodeIgniter.php(502): CodeIgniter\CodeIgniter->runController(Object(App\Controllers\Home))
12 SYSTEMPATH\CodeIgniter.php(361): CodeIgniter\CodeIgniter->handleRequest(null, Object(Config\Cache), false)
13 FCPATH\index.php(79): CodeIgniter\CodeIgniter->run()
CRITICAL - 2023-11-17 12:45:53 --> Array to string conversion
in APPPATH\Views\home\recomendation_news.php on line 14.
 1 APPPATH\Views\home\recomendation_news.php(14): CodeIgniter\Debug\Exceptions->errorHandler(2, 'Array to string conversion', 'C:\\xampp\\htdocs\\web-news-1\\app\\Views\\home\\recomendation_news.php', 14)
 2 SYSTEMPATH\View\View.php(228): include('C:\\xampp\\htdocs\\web-news-1\\app\\Views\\home\\recomendation_news.php')
 3 SYSTEMPATH\View\View.php(231): CodeIgniter\View\View->CodeIgniter\View\{closure}()
 4 SYSTEMPATH\Common.php(1190): CodeIgniter\View\View->render('home/recomendation_news', [], true)
 5 APPPATH\Views\home\wrapper.php(6): view('home/recomendation_news')
 6 SYSTEMPATH\View\View.php(228): include('C:\\xampp\\htdocs\\web-news-1\\app\\Views\\home\\wrapper.php')
 7 SYSTEMPATH\View\View.php(231): CodeIgniter\View\View->CodeIgniter\View\{closure}()
 8 SYSTEMPATH\Common.php(1190): CodeIgniter\View\View->render('home/wrapper', [], true)
 9 APPPATH\Controllers\Home.php(22): view('home/wrapper', [...])
10 SYSTEMPATH\CodeIgniter.php(942): App\Controllers\Home->index()
11 SYSTEMPATH\CodeIgniter.php(502): CodeIgniter\CodeIgniter->runController(Object(App\Controllers\Home))
12 SYSTEMPATH\CodeIgniter.php(361): CodeIgniter\CodeIgniter->handleRequest(null, Object(Config\Cache), false)
13 FCPATH\index.php(79): CodeIgniter\CodeIgniter->run()
CRITICAL - 2023-11-17 12:45:54 --> Array to string conversion
in APPPATH\Views\home\recomendation_news.php on line 14.
 1 APPPATH\Views\home\recomendation_news.php(14): CodeIgniter\Debug\Exceptions->errorHandler(2, 'Array to string conversion', 'C:\\xampp\\htdocs\\web-news-1\\app\\Views\\home\\recomendation_news.php', 14)
 2 SYSTEMPATH\View\View.php(228): include('C:\\xampp\\htdocs\\web-news-1\\app\\Views\\home\\recomendation_news.php')
 3 SYSTEMPATH\View\View.php(231): CodeIgniter\View\View->CodeIgniter\View\{closure}()
 4 SYSTEMPATH\Common.php(1190): CodeIgniter\View\View->render('home/recomendation_news', [], true)
 5 APPPATH\Views\home\wrapper.php(6): view('home/recomendation_news')
 6 SYSTEMPATH\View\View.php(228): include('C:\\xampp\\htdocs\\web-news-1\\app\\Views\\home\\wrapper.php')
 7 SYSTEMPATH\View\View.php(231): CodeIgniter\View\View->CodeIgniter\View\{closure}()
 8 SYSTEMPATH\Common.php(1190): CodeIgniter\View\View->render('home/wrapper', [], true)
 9 APPPATH\Controllers\Home.php(22): view('home/wrapper', [...])
10 SYSTEMPATH\CodeIgniter.php(942): App\Controllers\Home->index()
11 SYSTEMPATH\CodeIgniter.php(502): CodeIgniter\CodeIgniter->runController(Object(App\Controllers\Home))
12 SYSTEMPATH\CodeIgniter.php(361): CodeIgniter\CodeIgniter->handleRequest(null, Object(Config\Cache), false)
13 FCPATH\index.php(79): CodeIgniter\CodeIgniter->run()
CRITICAL - 2023-11-17 12:46:36 --> Array to string conversion
in APPPATH\Controllers\Home.php on line 18.
 1 APPPATH\Controllers\Home.php(18): CodeIgniter\Debug\Exceptions->errorHandler(2, 'Array to string conversion', 'C:\\xampp\\htdocs\\web-news-1\\app\\Controllers\\Home.php', 18)
 2 SYSTEMPATH\CodeIgniter.php(942): App\Controllers\Home->index()
 3 SYSTEMPATH\CodeIgniter.php(502): CodeIgniter\CodeIgniter->runController(Object(App\Controllers\Home))
 4 SYSTEMPATH\CodeIgniter.php(361): CodeIgniter\CodeIgniter->handleRequest(null, Object(Config\Cache), false)
 5 FCPATH\index.php(79): CodeIgniter\CodeIgniter->run()
CRITICAL - 2023-11-17 12:46:36 --> Array to string conversion
in APPPATH\Controllers\Home.php on line 18.
 1 APPPATH\Controllers\Home.php(18): CodeIgniter\Debug\Exceptions->errorHandler(2, 'Array to string conversion', 'C:\\xampp\\htdocs\\web-news-1\\app\\Controllers\\Home.php', 18)
 2 SYSTEMPATH\CodeIgniter.php(942): App\Controllers\Home->index()
 3 SYSTEMPATH\CodeIgniter.php(502): CodeIgniter\CodeIgniter->runController(Object(App\Controllers\Home))
 4 SYSTEMPATH\CodeIgniter.php(361): CodeIgniter\CodeIgniter->handleRequest(null, Object(Config\Cache), false)
 5 FCPATH\index.php(79): CodeIgniter\CodeIgniter->run()
CRITICAL - 2023-11-17 12:47:39 --> Array to string conversion
in APPPATH\Controllers\Home.php on line 18.
 1 APPPATH\Controllers\Home.php(18): CodeIgniter\Debug\Exceptions->errorHandler(2, 'Array to string conversion', 'C:\\xampp\\htdocs\\web-news-1\\app\\Controllers\\Home.php', 18)
 2 SYSTEMPATH\CodeIgniter.php(942): App\Controllers\Home->index()
 3 SYSTEMPATH\CodeIgniter.php(502): CodeIgniter\CodeIgniter->runController(Object(App\Controllers\Home))
 4 SYSTEMPATH\CodeIgniter.php(361): CodeIgniter\CodeIgniter->handleRequest(null, Object(Config\Cache), false)
 5 FCPATH\index.php(79): CodeIgniter\CodeIgniter->run()
CRITICAL - 2023-11-17 12:47:40 --> Array to string conversion
in APPPATH\Controllers\Home.php on line 18.
 1 APPPATH\Controllers\Home.php(18): CodeIgniter\Debug\Exceptions->errorHandler(2, 'Array to string conversion', 'C:\\xampp\\htdocs\\web-news-1\\app\\Controllers\\Home.php', 18)
 2 SYSTEMPATH\CodeIgniter.php(942): App\Controllers\Home->index()
 3 SYSTEMPATH\CodeIgniter.php(502): CodeIgniter\CodeIgniter->runController(Object(App\Controllers\Home))
 4 SYSTEMPATH\CodeIgniter.php(361): CodeIgniter\CodeIgniter->handleRequest(null, Object(Config\Cache), false)
 5 FCPATH\index.php(79): CodeIgniter\CodeIgniter->run()
CRITICAL - 2023-11-17 12:47:40 --> Array to string conversion
in APPPATH\Controllers\Home.php on line 18.
 1 APPPATH\Controllers\Home.php(18): CodeIgniter\Debug\Exceptions->errorHandler(2, 'Array to string conversion', 'C:\\xampp\\htdocs\\web-news-1\\app\\Controllers\\Home.php', 18)
 2 SYSTEMPATH\CodeIgniter.php(942): App\Controllers\Home->index()
 3 SYSTEMPATH\CodeIgniter.php(502): CodeIgniter\CodeIgniter->runController(Object(App\Controllers\Home))
 4 SYSTEMPATH\CodeIgniter.php(361): CodeIgniter\CodeIgniter->handleRequest(null, Object(Config\Cache), false)
 5 FCPATH\index.php(79): CodeIgniter\CodeIgniter->run()
CRITICAL - 2023-11-17 12:48:17 --> Array to string conversion
in APPPATH\Controllers\Home.php on line 18.
 1 APPPATH\Controllers\Home.php(18): CodeIgniter\Debug\Exceptions->errorHandler(2, 'Array to string conversion', 'C:\\xampp\\htdocs\\web-news-1\\app\\Controllers\\Home.php', 18)
 2 SYSTEMPATH\CodeIgniter.php(942): App\Controllers\Home->index()
 3 SYSTEMPATH\CodeIgniter.php(502): CodeIgniter\CodeIgniter->runController(Object(App\Controllers\Home))
 4 SYSTEMPATH\CodeIgniter.php(361): CodeIgniter\CodeIgniter->handleRequest(null, Object(Config\Cache), false)
 5 FCPATH\index.php(79): CodeIgniter\CodeIgniter->run()
CRITICAL - 2023-11-17 13:03:31 --> Array to string conversion
in APPPATH\Controllers\Home.php on line 18.
 1 APPPATH\Controllers\Home.php(18): CodeIgniter\Debug\Exceptions->errorHandler(2, 'Array to string conversion', 'C:\\xampp\\htdocs\\web-news-1\\app\\Controllers\\Home.php', 18)
 2 SYSTEMPATH\CodeIgniter.php(942): App\Controllers\Home->index()
 3 SYSTEMPATH\CodeIgniter.php(502): CodeIgniter\CodeIgniter->runController(Object(App\Controllers\Home))
 4 SYSTEMPATH\CodeIgniter.php(361): CodeIgniter\CodeIgniter->handleRequest(null, Object(Config\Cache), false)
 5 FCPATH\index.php(79): CodeIgniter\CodeIgniter->run()
CRITICAL - 2023-11-17 13:08:48 --> A non-numeric value encountered
in APPPATH\Views\home\recomendation_news.php on line 27.
 1 APPPATH\Views\home\recomendation_news.php(27): CodeIgniter\Debug\Exceptions->errorHandler(2, 'A non-numeric value encountered', 'C:\\xampp\\htdocs\\web-news-1\\app\\Views\\home\\recomendation_news.php', 27)
 2 SYSTEMPATH\View\View.php(228): include('C:\\xampp\\htdocs\\web-news-1\\app\\Views\\home\\recomendation_news.php')
 3 SYSTEMPATH\View\View.php(231): CodeIgniter\View\View->CodeIgniter\View\{closure}()
 4 SYSTEMPATH\Common.php(1190): CodeIgniter\View\View->render('home/recomendation_news', [], true)
 5 APPPATH\Views\home\wrapper.php(6): view('home/recomendation_news')
 6 SYSTEMPATH\View\View.php(228): include('C:\\xampp\\htdocs\\web-news-1\\app\\Views\\home\\wrapper.php')
 7 SYSTEMPATH\View\View.php(231): CodeIgniter\View\View->CodeIgniter\View\{closure}()
 8 SYSTEMPATH\Common.php(1190): CodeIgniter\View\View->render('home/wrapper', [], true)
 9 APPPATH\Controllers\Home.php(23): view('home/wrapper', [...])
10 SYSTEMPATH\CodeIgniter.php(942): App\Controllers\Home->index()
11 SYSTEMPATH\CodeIgniter.php(502): CodeIgniter\CodeIgniter->runController(Object(App\Controllers\Home))
12 SYSTEMPATH\CodeIgniter.php(361): CodeIgniter\CodeIgniter->handleRequest(null, Object(Config\Cache), false)
13 FCPATH\index.php(79): CodeIgniter\CodeIgniter->run()
CRITICAL - 2023-11-17 13:11:06 --> A non-numeric value encountered
in APPPATH\Views\home\recomendation_news.php on line 27.
 1 APPPATH\Views\home\recomendation_news.php(27): CodeIgniter\Debug\Exceptions->errorHandler(2, 'A non-numeric value encountered', 'C:\\xampp\\htdocs\\web-news-1\\app\\Views\\home\\recomendation_news.php', 27)
 2 SYSTEMPATH\View\View.php(228): include('C:\\xampp\\htdocs\\web-news-1\\app\\Views\\home\\recomendation_news.php')
 3 SYSTEMPATH\View\View.php(231): CodeIgniter\View\View->CodeIgniter\View\{closure}()
 4 SYSTEMPATH\Common.php(1190): CodeIgniter\View\View->render('home/recomendation_news', [], true)
 5 APPPATH\Views\home\wrapper.php(6): view('home/recomendation_news')
 6 SYSTEMPATH\View\View.php(228): include('C:\\xampp\\htdocs\\web-news-1\\app\\Views\\home\\wrapper.php')
 7 SYSTEMPATH\View\View.php(231): CodeIgniter\View\View->CodeIgniter\View\{closure}()
 8 SYSTEMPATH\Common.php(1190): CodeIgniter\View\View->render('home/wrapper', [], true)
 9 APPPATH\Controllers\Home.php(23): view('home/wrapper', [...])
10 SYSTEMPATH\CodeIgniter.php(942): App\Controllers\Home->index()
11 SYSTEMPATH\CodeIgniter.php(502): CodeIgniter\CodeIgniter->runController(Object(App\Controllers\Home))
12 SYSTEMPATH\CodeIgniter.php(361): CodeIgniter\CodeIgniter->handleRequest(null, Object(Config\Cache), false)
13 FCPATH\index.php(79): CodeIgniter\CodeIgniter->run()
CRITICAL - 2023-11-17 13:11:13 --> Cannot access offset of type string on string
in APPPATH\Views\home\recomendation_news.php on line 20.
 1 SYSTEMPATH\View\View.php(228): include()
 2 SYSTEMPATH\View\View.php(231): CodeIgniter\View\View->CodeIgniter\View\{closure}()
 3 SYSTEMPATH\Common.php(1190): CodeIgniter\View\View->render('home/recomendation_news', [], true)
 4 APPPATH\Views\home\wrapper.php(6): view('home/recomendation_news')
 5 SYSTEMPATH\View\View.php(228): include('C:\\xampp\\htdocs\\web-news-1\\app\\Views\\home\\wrapper.php')
 6 SYSTEMPATH\View\View.php(231): CodeIgniter\View\View->CodeIgniter\View\{closure}()
 7 SYSTEMPATH\Common.php(1190): CodeIgniter\View\View->render('home/wrapper', [], true)
 8 APPPATH\Controllers\Home.php(23): view('home/wrapper', [...])
 9 SYSTEMPATH\CodeIgniter.php(942): App\Controllers\Home->index()
10 SYSTEMPATH\CodeIgniter.php(502): CodeIgniter\CodeIgniter->runController(Object(App\Controllers\Home))
11 SYSTEMPATH\CodeIgniter.php(361): CodeIgniter\CodeIgniter->handleRequest(null, Object(Config\Cache), false)
12 FCPATH\index.php(79): CodeIgniter\CodeIgniter->run()
CRITICAL - 2023-11-17 13:11:13 --> Cannot access offset of type string on string
in APPPATH\Views\home\recomendation_news.php on line 20.
 1 SYSTEMPATH\View\View.php(228): include()
 2 SYSTEMPATH\View\View.php(231): CodeIgniter\View\View->CodeIgniter\View\{closure}()
 3 SYSTEMPATH\Common.php(1190): CodeIgniter\View\View->render('home/recomendation_news', [], true)
 4 APPPATH\Views\home\wrapper.php(6): view('home/recomendation_news')
 5 SYSTEMPATH\View\View.php(228): include('C:\\xampp\\htdocs\\web-news-1\\app\\Views\\home\\wrapper.php')
 6 SYSTEMPATH\View\View.php(231): CodeIgniter\View\View->CodeIgniter\View\{closure}()
 7 SYSTEMPATH\Common.php(1190): CodeIgniter\View\View->render('home/wrapper', [], true)
 8 APPPATH\Controllers\Home.php(23): view('home/wrapper', [...])
 9 SYSTEMPATH\CodeIgniter.php(942): App\Controllers\Home->index()
10 SYSTEMPATH\CodeIgniter.php(502): CodeIgniter\CodeIgniter->runController(Object(App\Controllers\Home))
11 SYSTEMPATH\CodeIgniter.php(361): CodeIgniter\CodeIgniter->handleRequest(null, Object(Config\Cache), false)
12 FCPATH\index.php(79): CodeIgniter\CodeIgniter->run()
CRITICAL - 2023-11-17 13:12:11 --> A non-numeric value encountered
in APPPATH\Views\home\recomendation_news.php on line 27.
 1 APPPATH\Views\home\recomendation_news.php(27): CodeIgniter\Debug\Exceptions->errorHandler(2, 'A non-numeric value encountered', 'C:\\xampp\\htdocs\\web-news-1\\app\\Views\\home\\recomendation_news.php', 27)
 2 SYSTEMPATH\View\View.php(228): include('C:\\xampp\\htdocs\\web-news-1\\app\\Views\\home\\recomendation_news.php')
 3 SYSTEMPATH\View\View.php(231): CodeIgniter\View\View->CodeIgniter\View\{closure}()
 4 SYSTEMPATH\Common.php(1190): CodeIgniter\View\View->render('home/recomendation_news', [], true)
 5 APPPATH\Views\home\wrapper.php(6): view('home/recomendation_news')
 6 SYSTEMPATH\View\View.php(228): include('C:\\xampp\\htdocs\\web-news-1\\app\\Views\\home\\wrapper.php')
 7 SYSTEMPATH\View\View.php(231): CodeIgniter\View\View->CodeIgniter\View\{closure}()
 8 SYSTEMPATH\Common.php(1190): CodeIgniter\View\View->render('home/wrapper', [], true)
 9 APPPATH\Controllers\Home.php(23): view('home/wrapper', [...])
10 SYSTEMPATH\CodeIgniter.php(942): App\Controllers\Home->index()
11 SYSTEMPATH\CodeIgniter.php(502): CodeIgniter\CodeIgniter->runController(Object(App\Controllers\Home))
12 SYSTEMPATH\CodeIgniter.php(361): CodeIgniter\CodeIgniter->handleRequest(null, Object(Config\Cache), false)
13 FCPATH\index.php(79): CodeIgniter\CodeIgniter->run()
CRITICAL - 2023-11-17 13:12:33 --> Array to string conversion
in APPPATH\Views\home\recomendation_news.php on line 14.
 1 APPPATH\Views\home\recomendation_news.php(14): CodeIgniter\Debug\Exceptions->errorHandler(2, 'Array to string conversion', 'C:\\xampp\\htdocs\\web-news-1\\app\\Views\\home\\recomendation_news.php', 14)
 2 SYSTEMPATH\View\View.php(228): include('C:\\xampp\\htdocs\\web-news-1\\app\\Views\\home\\recomendation_news.php')
 3 SYSTEMPATH\View\View.php(231): CodeIgniter\View\View->CodeIgniter\View\{closure}()
 4 SYSTEMPATH\Common.php(1190): CodeIgniter\View\View->render('home/recomendation_news', [], true)
 5 APPPATH\Views\home\wrapper.php(6): view('home/recomendation_news')
 6 SYSTEMPATH\View\View.php(228): include('C:\\xampp\\htdocs\\web-news-1\\app\\Views\\home\\wrapper.php')
 7 SYSTEMPATH\View\View.php(231): CodeIgniter\View\View->CodeIgniter\View\{closure}()
 8 SYSTEMPATH\Common.php(1190): CodeIgniter\View\View->render('home/wrapper', [], true)
 9 APPPATH\Controllers\Home.php(23): view('home/wrapper', [...])
10 SYSTEMPATH\CodeIgniter.php(942): App\Controllers\Home->index()
11 SYSTEMPATH\CodeIgniter.php(502): CodeIgniter\CodeIgniter->runController(Object(App\Controllers\Home))
12 SYSTEMPATH\CodeIgniter.php(361): CodeIgniter\CodeIgniter->handleRequest(null, Object(Config\Cache), false)
13 FCPATH\index.php(79): CodeIgniter\CodeIgniter->run()
CRITICAL - 2023-11-17 13:12:50 --> Array to string conversion
in APPPATH\Views\home\recomendation_news.php on line 14.
 1 APPPATH\Views\home\recomendation_news.php(14): CodeIgniter\Debug\Exceptions->errorHandler(2, 'Array to string conversion', 'C:\\xampp\\htdocs\\web-news-1\\app\\Views\\home\\recomendation_news.php', 14)
 2 SYSTEMPATH\View\View.php(228): include('C:\\xampp\\htdocs\\web-news-1\\app\\Views\\home\\recomendation_news.php')
 3 SYSTEMPATH\View\View.php(231): CodeIgniter\View\View->CodeIgniter\View\{closure}()
 4 SYSTEMPATH\Common.php(1190): CodeIgniter\View\View->render('home/recomendation_news', [], true)
 5 APPPATH\Views\home\wrapper.php(6): view('home/recomendation_news')
 6 SYSTEMPATH\View\View.php(228): include('C:\\xampp\\htdocs\\web-news-1\\app\\Views\\home\\wrapper.php')
 7 SYSTEMPATH\View\View.php(231): CodeIgniter\View\View->CodeIgniter\View\{closure}()
 8 SYSTEMPATH\Common.php(1190): CodeIgniter\View\View->render('home/wrapper', [], true)
 9 APPPATH\Controllers\Home.php(23): view('home/wrapper', [...])
10 SYSTEMPATH\CodeIgniter.php(942): App\Controllers\Home->index()
11 SYSTEMPATH\CodeIgniter.php(502): CodeIgniter\CodeIgniter->runController(Object(App\Controllers\Home))
12 SYSTEMPATH\CodeIgniter.php(361): CodeIgniter\CodeIgniter->handleRequest(null, Object(Config\Cache), false)
13 FCPATH\index.php(79): CodeIgniter\CodeIgniter->run()
CRITICAL - 2023-11-17 13:14:32 --> A non-numeric value encountered
in APPPATH\Views\home\recomendation_news.php on line 27.
 1 APPPATH\Views\home\recomendation_news.php(27): CodeIgniter\Debug\Exceptions->errorHandler(2, 'A non-numeric value encountered', 'C:\\xampp\\htdocs\\web-news-1\\app\\Views\\home\\recomendation_news.php', 27)
 2 SYSTEMPATH\View\View.php(228): include('C:\\xampp\\htdocs\\web-news-1\\app\\Views\\home\\recomendation_news.php')
 3 SYSTEMPATH\View\View.php(231): CodeIgniter\View\View->CodeIgniter\View\{closure}()
 4 SYSTEMPATH\Common.php(1190): CodeIgniter\View\View->render('home/recomendation_news', [], true)
 5 APPPATH\Views\home\wrapper.php(6): view('home/recomendation_news')
 6 SYSTEMPATH\View\View.php(228): include('C:\\xampp\\htdocs\\web-news-1\\app\\Views\\home\\wrapper.php')
 7 SYSTEMPATH\View\View.php(231): CodeIgniter\View\View->CodeIgniter\View\{closure}()
 8 SYSTEMPATH\Common.php(1190): CodeIgniter\View\View->render('home/wrapper', [], true)
 9 APPPATH\Controllers\Home.php(23): view('home/wrapper', [...])
10 SYSTEMPATH\CodeIgniter.php(942): App\Controllers\Home->index()
11 SYSTEMPATH\CodeIgniter.php(502): CodeIgniter\CodeIgniter->runController(Object(App\Controllers\Home))
12 SYSTEMPATH\CodeIgniter.php(361): CodeIgniter\CodeIgniter->handleRequest(null, Object(Config\Cache), false)
13 FCPATH\index.php(79): CodeIgniter\CodeIgniter->run()
